2020-01-05 11:41:24,518 [信息] [服务器] 服务器已经关闭
2020-01-05 11:44:41,447 [信息] 
2020-01-05 11:44:41,447 [信息] 
2020-01-05 11:44:41,447 [信息] 
2020-01-05 11:44:41,447 [信息] 
2020-01-05 11:44:41,447 [信息] ===============================================================
2020-01-05 11:44:41,447 [信息] =  [E2EE免费版] 2.3.2 
2020-01-05 11:44:41,448 [信息] =    绑定IP: *
2020-01-05 11:44:41,448 [信息] =    绑定端口: 8073
2020-01-05 11:44:41,448 [信息] ===============================================================
2020-01-05 11:44:41,448 [信息] [服务器] 初始化
2020-01-05 11:44:41,448 [信息] [Session系统] 正在初始化Session系统
2020-01-05 11:44:41,448 [信息] [Session系统] 初始化内存文件存储系统：[内存最大尺寸] 无限制
2020-01-05 11:44:41,448 [信息] [Session系统] 开始从磁盘加载本地Session：[目录] C:/Users/ts198/Desktop/可爱猫4.4.0/app/https.cat/http/临时/sessions/
2020-01-05 11:44:41,449 [信息] [Session系统] 创建Session目录
2020-01-05 11:44:41,449 [信息] [Session系统] 无法创建Session目录!Session系统将不能做持久化存储
2020-01-05 11:44:41,449 [信息] [Session系统] Session系统初始化完成
2020-01-05 11:44:41,449 [信息] [网站防火墙] 未开启防火墙
2020-01-05 11:44:41,449 [信息] [验证器] 无默认验证器配置文件
2020-01-05 11:44:41,450 [信息] [模板] 初始化模板引擎
2020-01-05 11:44:41,450 [信息] [模板] 扫描加载模板目录
2020-01-05 11:44:41,450 [信息] [模板] 加载状态模板
2020-01-05 11:44:41,450 [信息] [模板] [状态模板] 加载状态模板[201][无模板]: [模板目录]/201.esp
2020-01-05 11:44:41,451 [信息] [模板] [状态模板] 加载状态模板[202][无模板]: [模板目录]/202.esp
2020-01-05 11:44:41,451 [信息] [模板] [状态模板] 加载状态模板[204][无模板]: [模板目录]/204.esp
2020-01-05 11:44:41,451 [信息] [模板] [状态模板] 加载状态模板[206][无模板]: [模板目录]/206.esp
2020-01-05 11:44:41,451 [信息] [模板] [状态模板] 加载状态模板[300][无模板]: [模板目录]/300.esp
2020-01-05 11:44:41,452 [信息] [模板] [状态模板] 加载状态模板[301][无模板]: [模板目录]/301.esp
2020-01-05 11:44:41,452 [信息] [模板] [状态模板] 加载状态模板[302][无模板]: [模板目录]/302.esp
2020-01-05 11:44:41,452 [信息] [模板] [状态模板] 加载状态模板[304][无模板]: [模板目录]/304.esp
2020-01-05 11:44:41,453 [信息] [模板] [状态模板] 加载状态模板[400][内置]: [模板目录]/400.esp
2020-01-05 11:44:41,453 [信息] [模板] [状态模板] 加载状态模板[401][内置]: [模板目录]/401.esp
2020-01-05 11:44:41,453 [信息] [模板] [状态模板] 加载状态模板[403][内置]: [模板目录]/403.esp
2020-01-05 11:44:41,454 [信息] [模板] [状态模板] 加载状态模板[404][内置]: [模板目录]/404.html
2020-01-05 11:44:41,454 [信息] [模板] [状态模板] 加载状态模板[416][无模板]: [模板目录]/416.esp
2020-01-05 11:44:41,454 [信息] [模板] [状态模板] 加载状态模板[500][内置]: [模板目录]/500.esp
2020-01-05 11:44:41,455 [信息] [模板] [状态模板] 加载状态模板[501][无模板]: [模板目录]/501.esp
2020-01-05 11:44:41,455 [信息] [模板] [状态模板] 加载状态模板[502][内置]: [模板目录]/502.esp
2020-01-05 11:44:41,455 [信息] [模板] [状态模板] 加载状态模板[503][无模板]: [模板目录]/503.esp
2020-01-05 11:44:41,456 [信息] [模板] [状态模板] 加载状态模板[504][内置]: [模板目录]/504.esp
2020-01-05 11:44:41,456 [信息] [模板] 模板引擎初始化完毕
2020-01-05 11:44:41,456 [信息] [动态模块] 开始加载动态模块
2020-01-05 11:44:41,456 [信息] [动态模块] 完成加载(无配置文件 - [模块]/模块映射.json)
2020-01-05 11:44:41,456 [信息] [模块] 开始加载下级模块
2020-01-05 11:44:41,457 [信息] [模块] 完成下级模块加载
2020-01-05 11:44:41,457 [信息] [远程服务] 开始初始化
2020-01-05 11:44:41,457 [信息] [远程服务] 初始化完成
2020-01-05 11:44:41,457 [信息] [WebService] 未启用
2020-01-05 11:44:41,457 [信息] [模板函数] 同步模板函数
2020-01-05 11:44:41,457 [信息] [模板函数] 函数同步完成
2020-01-05 11:44:41,457 [信息] [模块] 开始加载视图
2020-01-05 11:44:41,457 [信息] [视图] /send
2020-01-05 11:44:41,457 [信息] [模块] 完成视图加载
2020-01-05 11:44:41,458 [信息] [缓存] 加载动态模板页缓存
2020-01-05 11:44:41,458 [信息] [缓存] 无动态模板页缓存设置
2020-01-05 11:44:41,458 [信息] [缓存][动态缓存] 缓存文件不存在
2020-01-05 11:44:41,459 [信息] [缓存] 服务器未开启静态缓存(此功能仅限商用版使用)
2020-01-05 11:44:41,459 [信息] [缓存] 加载服务器缓存动态设置
2020-01-05 11:44:41,459 [信息] [模块] 执行模块初始化函数
2020-01-05 11:44:41,459 [信息] [服务器] 正在初始化请求资源
2020-01-05 11:44:41,459 [信息] [服务器] 正在绑定地址端口
2020-01-05 11:44:41,459 [信息] [服务器] 开始监听端口内容
2020-01-05 11:44:41,460 [信息] [服务器] 开始接收用户连接
2020-01-05 11:44:41,461 [信息] [服务器] 服务器启动成功(企业版可通过【E2EE控制中心】配置线程数)
2020-01-05 11:44:41,461 [信息]     [连接数] 20
2020-01-05 11:44:41,461 [信息]     [线程数] 2
2020-01-05 11:44:41,461 [信息]     [模板数] 40
2020-01-05 12:14:05,082 [信息] [服务器] 服务器已经关闭
2020-01-05 12:14:05,822 [信息] 
2020-01-05 12:14:05,823 [信息] 
2020-01-05 12:14:05,823 [信息] 
2020-01-05 12:14:05,823 [信息] 
2020-01-05 12:14:05,823 [信息] ===============================================================
2020-01-05 12:14:05,823 [信息] =  [E2EE免费版] 2.3.2 
2020-01-05 12:14:05,823 [信息] =    绑定IP: *
2020-01-05 12:14:05,823 [信息] =    绑定端口: 8073
2020-01-05 12:14:05,823 [信息] ===============================================================
2020-01-05 12:14:05,824 [信息] [服务器] 初始化
2020-01-05 12:14:05,824 [信息] [Session系统] 正在初始化Session系统
2020-01-05 12:14:05,824 [信息] [Session系统] 初始化内存文件存储系统：[内存最大尺寸] 无限制
2020-01-05 12:14:05,824 [信息] [Session系统] 开始从磁盘加载本地Session：[目录] C:/Users/ts198/Desktop/可爱猫4.4.0/app/https.cat/http/临时/sessions/
2020-01-05 12:14:05,824 [信息] [Session系统] 创建Session目录
2020-01-05 12:14:05,824 [信息] [Session系统] 无法创建Session目录!Session系统将不能做持久化存储
2020-01-05 12:14:05,825 [信息] [Session系统] Session系统初始化完成
2020-01-05 12:14:05,825 [信息] [网站防火墙] 未开启防火墙
2020-01-05 12:14:05,825 [信息] [验证器] 无默认验证器配置文件
2020-01-05 12:14:05,825 [信息] [模板] 初始化模板引擎
2020-01-05 12:14:05,825 [信息] [模板] 扫描加载模板目录
2020-01-05 12:14:05,825 [信息] [模板] 加载状态模板
2020-01-05 12:14:05,825 [信息] [模板] [状态模板] 加载状态模板[201][无模板]: [模板目录]/201.esp
2020-01-05 12:14:05,826 [信息] [模板] [状态模板] 加载状态模板[202][无模板]: [模板目录]/202.esp
2020-01-05 12:14:05,826 [信息] [模板] [状态模板] 加载状态模板[204][无模板]: [模板目录]/204.esp
2020-01-05 12:14:05,826 [信息] [模板] [状态模板] 加载状态模板[206][无模板]: [模板目录]/206.esp
2020-01-05 12:14:05,827 [信息] [模板] [状态模板] 加载状态模板[300][无模板]: [模板目录]/300.esp
2020-01-05 12:14:05,827 [信息] [模板] [状态模板] 加载状态模板[301][无模板]: [模板目录]/301.esp
2020-01-05 12:14:05,827 [信息] [模板] [状态模板] 加载状态模板[302][无模板]: [模板目录]/302.esp
2020-01-05 12:14:05,828 [信息] [模板] [状态模板] 加载状态模板[304][无模板]: [模板目录]/304.esp
2020-01-05 12:14:05,828 [信息] [模板] [状态模板] 加载状态模板[400][内置]: [模板目录]/400.esp
2020-01-05 12:14:05,828 [信息] [模板] [状态模板] 加载状态模板[401][内置]: [模板目录]/401.esp
2020-01-05 12:14:05,829 [信息] [模板] [状态模板] 加载状态模板[403][内置]: [模板目录]/403.esp
2020-01-05 12:14:05,830 [信息] [模板] [状态模板] 加载状态模板[404][内置]: [模板目录]/404.html
2020-01-05 12:14:05,831 [信息] [模板] [状态模板] 加载状态模板[416][无模板]: [模板目录]/416.esp
2020-01-05 12:14:05,831 [信息] [模板] [状态模板] 加载状态模板[500][内置]: [模板目录]/500.esp
2020-01-05 12:14:05,832 [信息] [模板] [状态模板] 加载状态模板[501][无模板]: [模板目录]/501.esp
2020-01-05 12:14:05,832 [信息] [模板] [状态模板] 加载状态模板[502][内置]: [模板目录]/502.esp
2020-01-05 12:14:05,832 [信息] [模板] [状态模板] 加载状态模板[503][无模板]: [模板目录]/503.esp
2020-01-05 12:14:05,833 [信息] [模板] [状态模板] 加载状态模板[504][内置]: [模板目录]/504.esp
2020-01-05 12:14:05,833 [信息] [模板] 模板引擎初始化完毕
2020-01-05 12:14:05,833 [信息] [动态模块] 开始加载动态模块
2020-01-05 12:14:05,833 [信息] [动态模块] 完成加载(无配置文件 - [模块]/模块映射.json)
2020-01-05 12:14:05,833 [信息] [模块] 开始加载下级模块
2020-01-05 12:14:05,833 [信息] [模块] 完成下级模块加载
2020-01-05 12:14:05,833 [信息] [远程服务] 开始初始化
2020-01-05 12:14:05,834 [信息] [远程服务] 初始化完成
2020-01-05 12:14:05,834 [信息] [WebService] 未启用
2020-01-05 12:14:05,834 [信息] [模板函数] 同步模板函数
2020-01-05 12:14:05,834 [信息] [模板函数] 函数同步完成
2020-01-05 12:14:05,834 [信息] [模块] 开始加载视图
2020-01-05 12:14:05,834 [信息] [视图] /send
2020-01-05 12:14:05,834 [信息] [模块] 完成视图加载
2020-01-05 12:14:05,835 [信息] [缓存] 加载动态模板页缓存
2020-01-05 12:14:05,835 [信息] [缓存] 无动态模板页缓存设置
2020-01-05 12:14:05,835 [信息] [缓存][动态缓存] 缓存文件不存在
2020-01-05 12:14:05,836 [信息] [缓存] 服务器未开启静态缓存(此功能仅限商用版使用)
2020-01-05 12:14:05,836 [信息] [缓存] 加载服务器缓存动态设置
2020-01-05 12:14:05,836 [信息] [模块] 执行模块初始化函数
2020-01-05 12:14:05,836 [信息] [服务器] 正在初始化请求资源
2020-01-05 12:14:05,836 [信息] [服务器] 正在绑定地址端口
2020-01-05 12:14:05,837 [信息] [服务器] 开始监听端口内容
2020-01-05 12:14:05,837 [信息] [服务器] 开始接收用户连接
2020-01-05 12:14:05,837 [信息] [服务器] 服务器启动成功(企业版可通过【E2EE控制中心】配置线程数)
2020-01-05 12:14:05,838 [信息]     [连接数] 20
2020-01-05 12:14:05,838 [信息]     [线程数] 2
2020-01-05 12:14:05,838 [信息]     [模板数] 40
2020-01-05 12:22:02,300 [信息] 
2020-01-05 12:22:02,300 [信息] 
2020-01-05 12:22:02,300 [信息] 
2020-01-05 12:22:02,300 [信息] 
2020-01-05 12:22:02,300 [信息] ===============================================================
2020-01-05 12:22:02,300 [信息] =  [E2EE免费版] 2.3.2 
2020-01-05 12:22:02,301 [信息] =    绑定IP: *
2020-01-05 12:22:02,301 [信息] =    绑定端口: 8073
2020-01-05 12:22:02,301 [信息] ===============================================================
2020-01-05 12:22:02,301 [信息] [服务器] 初始化
2020-01-05 12:22:02,301 [信息] [Session系统] 正在初始化Session系统
2020-01-05 12:22:02,301 [信息] [Session系统] 初始化内存文件存储系统：[内存最大尺寸] 无限制
2020-01-05 12:22:02,302 [信息] [Session系统] 开始从磁盘加载本地Session：[目录] C:/Users/ts198/Desktop/可爱猫4.4.0/app/https.cat/http/临时/sessions/
2020-01-05 12:22:02,302 [信息] [Session系统] 创建Session目录
2020-01-05 12:22:02,302 [信息] [Session系统] 无法创建Session目录!Session系统将不能做持久化存储
2020-01-05 12:22:02,302 [信息] [Session系统] Session系统初始化完成
2020-01-05 12:22:02,302 [信息] [网站防火墙] 未开启防火墙
2020-01-05 12:22:02,302 [信息] [验证器] 无默认验证器配置文件
2020-01-05 12:22:02,303 [信息] [模板] 初始化模板引擎
2020-01-05 12:22:02,303 [信息] [模板] 扫描加载模板目录
2020-01-05 12:22:02,303 [信息] [模板] 加载状态模板
2020-01-05 12:22:02,303 [信息] [模板] [状态模板] 加载状态模板[201][无模板]: [模板目录]/201.esp
2020-01-05 12:22:02,304 [信息] [模板] [状态模板] 加载状态模板[202][无模板]: [模板目录]/202.esp
2020-01-05 12:22:02,304 [信息] [模板] [状态模板] 加载状态模板[204][无模板]: [模板目录]/204.esp
2020-01-05 12:22:02,304 [信息] [模板] [状态模板] 加载状态模板[206][无模板]: [模板目录]/206.esp
2020-01-05 12:22:02,305 [信息] [模板] [状态模板] 加载状态模板[300][无模板]: [模板目录]/300.esp
2020-01-05 12:22:02,305 [信息] [模板] [状态模板] 加载状态模板[301][无模板]: [模板目录]/301.esp
2020-01-05 12:22:02,305 [信息] [模板] [状态模板] 加载状态模板[302][无模板]: [模板目录]/302.esp
2020-01-05 12:22:02,305 [信息] [模板] [状态模板] 加载状态模板[304][无模板]: [模板目录]/304.esp
2020-01-05 12:22:02,306 [信息] [模板] [状态模板] 加载状态模板[400][内置]: [模板目录]/400.esp
2020-01-05 12:22:02,306 [信息] [模板] [状态模板] 加载状态模板[401][内置]: [模板目录]/401.esp
2020-01-05 12:22:02,306 [信息] [模板] [状态模板] 加载状态模板[403][内置]: [模板目录]/403.esp
2020-01-05 12:22:02,307 [信息] [模板] [状态模板] 加载状态模板[404][内置]: [模板目录]/404.html
2020-01-05 12:22:02,307 [信息] [模板] [状态模板] 加载状态模板[416][无模板]: [模板目录]/416.esp
2020-01-05 12:22:02,308 [信息] [模板] [状态模板] 加载状态模板[500][内置]: [模板目录]/500.esp
2020-01-05 12:22:02,308 [信息] [模板] [状态模板] 加载状态模板[501][无模板]: [模板目录]/501.esp
2020-01-05 12:22:02,308 [信息] [模板] [状态模板] 加载状态模板[502][内置]: [模板目录]/502.esp
2020-01-05 12:22:02,308 [信息] [模板] [状态模板] 加载状态模板[503][无模板]: [模板目录]/503.esp
2020-01-05 12:22:02,309 [信息] [模板] [状态模板] 加载状态模板[504][内置]: [模板目录]/504.esp
2020-01-05 12:22:02,309 [信息] [模板] 模板引擎初始化完毕
2020-01-05 12:22:02,309 [信息] [动态模块] 开始加载动态模块
2020-01-05 12:22:02,310 [信息] [动态模块] 完成加载(无配置文件 - [模块]/模块映射.json)
2020-01-05 12:22:02,310 [信息] [模块] 开始加载下级模块
2020-01-05 12:22:02,310 [信息] [模块] 完成下级模块加载
2020-01-05 12:22:02,310 [信息] [远程服务] 开始初始化
2020-01-05 12:22:02,310 [信息] [远程服务] 初始化完成
2020-01-05 12:22:02,310 [信息] [WebService] 未启用
2020-01-05 12:22:02,310 [信息] [模板函数] 同步模板函数
2020-01-05 12:22:02,310 [信息] [模板函数] 函数同步完成
2020-01-05 12:22:02,311 [信息] [模块] 开始加载视图
2020-01-05 12:22:02,311 [信息] [视图] /send
2020-01-05 12:22:02,311 [信息] [模块] 完成视图加载
2020-01-05 12:22:02,311 [信息] [缓存] 加载动态模板页缓存
2020-01-05 12:22:02,311 [信息] [缓存] 无动态模板页缓存设置
2020-01-05 12:22:02,312 [信息] [缓存][动态缓存] 缓存文件不存在
2020-01-05 12:22:02,312 [信息] [缓存] 服务器未开启静态缓存(此功能仅限商用版使用)
2020-01-05 12:22:02,312 [信息] [缓存] 加载服务器缓存动态设置
2020-01-05 12:22:02,312 [信息] [模块] 执行模块初始化函数
2020-01-05 12:22:02,312 [信息] [服务器] 正在初始化请求资源
2020-01-05 12:22:02,313 [信息] [服务器] 正在绑定地址端口
2020-01-05 12:22:02,313 [信息] [服务器] 开始监听端口内容
2020-01-05 12:22:02,313 [信息] [服务器] 开始接收用户连接
2020-01-05 12:22:02,314 [信息] [服务器] 服务器启动成功(企业版可通过【E2EE控制中心】配置线程数)
2020-01-05 12:22:02,314 [信息]     [连接数] 20
2020-01-05 12:22:02,314 [信息]     [线程数] 2
2020-01-05 12:22:02,314 [信息]     [模板数] 40
2020-01-05 13:35:41,098 [信息] [服务器] 服务器已经关闭
2020-01-05 14:29:33,070 [信息] 
2020-01-05 14:29:33,071 [信息] 
2020-01-05 14:29:33,071 [信息] 
2020-01-05 14:29:33,071 [信息] 
2020-01-05 14:29:33,072 [信息] ===============================================================
2020-01-05 14:29:33,072 [信息] =  [E2EE免费版] 2.3.2 
2020-01-05 14:29:33,072 [信息] =    绑定IP: *
2020-01-05 14:29:33,073 [信息] =    绑定端口: 8073
2020-01-05 14:29:33,073 [信息] ===============================================================
2020-01-05 14:29:33,073 [信息] [服务器] 初始化
2020-01-05 14:29:33,073 [信息] [Session系统] 正在初始化Session系统
2020-01-05 14:29:33,074 [信息] [Session系统] 初始化内存文件存储系统：[内存最大尺寸] 无限制
2020-01-05 14:29:33,074 [信息] [Session系统] 开始从磁盘加载本地Session：[目录] C:/Users/ts198/Desktop/可爱猫4.4.0/app/https.cat/http/临时/sessions/
2020-01-05 14:29:33,074 [信息] [Session系统] 创建Session目录
2020-01-05 14:29:33,075 [信息] [Session系统] 无法创建Session目录!Session系统将不能做持久化存储
2020-01-05 14:29:33,075 [信息] [Session系统] Session系统初始化完成
2020-01-05 14:29:33,075 [信息] [网站防火墙] 未开启防火墙
2020-01-05 14:29:33,076 [信息] [验证器] 无默认验证器配置文件
2020-01-05 14:29:33,076 [信息] [模板] 初始化模板引擎
2020-01-05 14:29:33,076 [信息] [模板] 扫描加载模板目录
2020-01-05 14:29:33,077 [信息] [模板] 加载状态模板
2020-01-05 14:29:33,077 [信息] [模板] [状态模板] 加载状态模板[201][无模板]: [模板目录]/201.esp
2020-01-05 14:29:33,077 [信息] [模板] [状态模板] 加载状态模板[202][无模板]: [模板目录]/202.esp
2020-01-05 14:29:33,078 [信息] [模板] [状态模板] 加载状态模板[204][无模板]: [模板目录]/204.esp
2020-01-05 14:29:33,078 [信息] [模板] [状态模板] 加载状态模板[206][无模板]: [模板目录]/206.esp
2020-01-05 14:29:33,079 [信息] [模板] [状态模板] 加载状态模板[300][无模板]: [模板目录]/300.esp
2020-01-05 14:29:33,079 [信息] [模板] [状态模板] 加载状态模板[301][无模板]: [模板目录]/301.esp
2020-01-05 14:29:33,079 [信息] [模板] [状态模板] 加载状态模板[302][无模板]: [模板目录]/302.esp
2020-01-05 14:29:33,080 [信息] [模板] [状态模板] 加载状态模板[304][无模板]: [模板目录]/304.esp
2020-01-05 14:29:33,080 [信息] [模板] [状态模板] 加载状态模板[400][内置]: [模板目录]/400.esp
2020-01-05 14:29:33,081 [信息] [模板] [状态模板] 加载状态模板[401][内置]: [模板目录]/401.esp
2020-01-05 14:29:33,081 [信息] [模板] [状态模板] 加载状态模板[403][内置]: [模板目录]/403.esp
2020-01-05 14:29:33,082 [信息] [模板] [状态模板] 加载状态模板[404][内置]: [模板目录]/404.html
2020-01-05 14:29:33,082 [信息] [模板] [状态模板] 加载状态模板[416][无模板]: [模板目录]/416.esp
2020-01-05 14:29:33,082 [信息] [模板] [状态模板] 加载状态模板[500][内置]: [模板目录]/500.esp
2020-01-05 14:29:33,083 [信息] [模板] [状态模板] 加载状态模板[501][无模板]: [模板目录]/501.esp
2020-01-05 14:29:33,083 [信息] [模板] [状态模板] 加载状态模板[502][内置]: [模板目录]/502.esp
2020-01-05 14:29:33,084 [信息] [模板] [状态模板] 加载状态模板[503][无模板]: [模板目录]/503.esp
2020-01-05 14:29:33,084 [信息] [模板] [状态模板] 加载状态模板[504][内置]: [模板目录]/504.esp
2020-01-05 14:29:33,085 [信息] [模板] 模板引擎初始化完毕
2020-01-05 14:29:33,085 [信息] [动态模块] 开始加载动态模块
2020-01-05 14:29:33,085 [信息] [动态模块] 完成加载(无配置文件 - [模块]/模块映射.json)
2020-01-05 14:29:33,085 [信息] [模块] 开始加载下级模块
2020-01-05 14:29:33,086 [信息] [模块] 完成下级模块加载
2020-01-05 14:29:33,086 [信息] [远程服务] 开始初始化
2020-01-05 14:29:33,086 [信息] [远程服务] 初始化完成
2020-01-05 14:29:33,086 [信息] [WebService] 未启用
2020-01-05 14:29:33,086 [信息] [模板函数] 同步模板函数
2020-01-05 14:29:33,087 [信息] [模板函数] 函数同步完成
2020-01-05 14:29:33,087 [信息] [模块] 开始加载视图
2020-01-05 14:29:33,087 [信息] [视图] /send
2020-01-05 14:29:33,087 [信息] [模块] 完成视图加载
2020-01-05 14:29:33,087 [信息] [缓存] 加载动态模板页缓存
2020-01-05 14:29:33,088 [信息] [缓存] 无动态模板页缓存设置
2020-01-05 14:29:33,088 [信息] [缓存][动态缓存] 缓存文件不存在
2020-01-05 14:29:33,089 [信息] [缓存] 服务器未开启静态缓存(此功能仅限商用版使用)
2020-01-05 14:29:33,089 [信息] [缓存] 加载服务器缓存动态设置
2020-01-05 14:29:33,089 [信息] [模块] 执行模块初始化函数
2020-01-05 14:29:33,089 [信息] [服务器] 正在初始化请求资源
2020-01-05 14:29:33,089 [信息] [服务器] 正在绑定地址端口
2020-01-05 14:29:33,090 [信息] [服务器] 开始监听端口内容
2020-01-05 14:29:33,090 [信息] [服务器] 开始接收用户连接
2020-01-05 14:29:33,091 [信息] [服务器] 服务器启动成功(企业版可通过【E2EE控制中心】配置线程数)
2020-01-05 14:29:33,091 [信息]     [连接数] 20
2020-01-05 14:29:33,091 [信息]     [线程数] 2
2020-01-05 14:29:33,092 [信息]     [模板数] 40
2020-01-05 14:32:11,898 [信息] 
2020-01-05 14:32:11,899 [信息] 
2020-01-05 14:32:11,899 [信息] 
2020-01-05 14:32:11,900 [信息] 
2020-01-05 14:32:11,900 [信息] ===============================================================
2020-01-05 14:32:11,900 [信息] =  [E2EE免费版] 2.3.2 
2020-01-05 14:32:11,900 [信息] =    绑定IP: *
2020-01-05 14:32:11,901 [信息] =    绑定端口: 8073
2020-01-05 14:32:11,901 [信息] ===============================================================
2020-01-05 14:32:11,901 [信息] [服务器] 初始化
2020-01-05 14:32:11,902 [信息] [Session系统] 正在初始化Session系统
2020-01-05 14:32:11,902 [信息] [Session系统] 初始化内存文件存储系统：[内存最大尺寸] 无限制
2020-01-05 14:32:11,902 [信息] [Session系统] 开始从磁盘加载本地Session：[目录] C:/Users/ts198/Desktop/可爱猫4.4.0/app/https.cat/http/临时/sessions/
2020-01-05 14:32:11,902 [信息] [Session系统] 创建Session目录
2020-01-05 14:32:11,903 [信息] [Session系统] 无法创建Session目录!Session系统将不能做持久化存储
2020-01-05 14:32:11,903 [信息] [Session系统] Session系统初始化完成
2020-01-05 14:32:11,903 [信息] [网站防火墙] 未开启防火墙
2020-01-05 14:32:11,904 [信息] [验证器] 无默认验证器配置文件
2020-01-05 14:32:11,904 [信息] [模板] 初始化模板引擎
2020-01-05 14:32:11,904 [信息] [模板] 扫描加载模板目录
2020-01-05 14:32:11,904 [信息] [模板] 加载状态模板
2020-01-05 14:32:11,904 [信息] [模板] [状态模板] 加载状态模板[201][无模板]: [模板目录]/201.esp
2020-01-05 14:32:11,905 [信息] [模板] [状态模板] 加载状态模板[202][无模板]: [模板目录]/202.esp
2020-01-05 14:32:11,905 [信息] [模板] [状态模板] 加载状态模板[204][无模板]: [模板目录]/204.esp
2020-01-05 14:32:11,906 [信息] [模板] [状态模板] 加载状态模板[206][无模板]: [模板目录]/206.esp
2020-01-05 14:32:11,906 [信息] [模板] [状态模板] 加载状态模板[300][无模板]: [模板目录]/300.esp
2020-01-05 14:32:11,907 [信息] [模板] [状态模板] 加载状态模板[301][无模板]: [模板目录]/301.esp
2020-01-05 14:32:11,907 [信息] [模板] [状态模板] 加载状态模板[302][无模板]: [模板目录]/302.esp
2020-01-05 14:32:11,908 [信息] [模板] [状态模板] 加载状态模板[304][无模板]: [模板目录]/304.esp
2020-01-05 14:32:11,908 [信息] [模板] [状态模板] 加载状态模板[400][内置]: [模板目录]/400.esp
2020-01-05 14:32:11,909 [信息] [模板] [状态模板] 加载状态模板[401][内置]: [模板目录]/401.esp
2020-01-05 14:32:11,909 [信息] [模板] [状态模板] 加载状态模板[403][内置]: [模板目录]/403.esp
2020-01-05 14:32:11,910 [信息] [模板] [状态模板] 加载状态模板[404][内置]: [模板目录]/404.html
2020-01-05 14:32:11,910 [信息] [模板] [状态模板] 加载状态模板[416][无模板]: [模板目录]/416.esp
2020-01-05 14:32:11,911 [信息] [模板] [状态模板] 加载状态模板[500][内置]: [模板目录]/500.esp
2020-01-05 14:32:11,911 [信息] [模板] [状态模板] 加载状态模板[501][无模板]: [模板目录]/501.esp
2020-01-05 14:32:11,911 [信息] [模板] [状态模板] 加载状态模板[502][内置]: [模板目录]/502.esp
2020-01-05 14:32:11,912 [信息] [模板] [状态模板] 加载状态模板[503][无模板]: [模板目录]/503.esp
2020-01-05 14:32:11,912 [信息] [模板] [状态模板] 加载状态模板[504][内置]: [模板目录]/504.esp
2020-01-05 14:32:11,913 [信息] [模板] 模板引擎初始化完毕
2020-01-05 14:32:11,913 [信息] [动态模块] 开始加载动态模块
2020-01-05 14:32:11,913 [信息] [动态模块] 完成加载(无配置文件 - [模块]/模块映射.json)
2020-01-05 14:32:11,914 [信息] [模块] 开始加载下级模块
2020-01-05 14:32:11,914 [信息] [模块] 完成下级模块加载
2020-01-05 14:32:11,914 [信息] [远程服务] 开始初始化
2020-01-05 14:32:11,914 [信息] [远程服务] 初始化完成
2020-01-05 14:32:11,914 [信息] [WebService] 未启用
2020-01-05 14:32:11,915 [信息] [模板函数] 同步模板函数
2020-01-05 14:32:11,915 [信息] [模板函数] 函数同步完成
2020-01-05 14:32:11,915 [信息] [模块] 开始加载视图
2020-01-05 14:32:11,915 [信息] [视图] /send
2020-01-05 14:32:11,915 [信息] [模块] 完成视图加载
2020-01-05 14:32:11,915 [信息] [缓存] 加载动态模板页缓存
2020-01-05 14:32:11,916 [信息] [缓存] 无动态模板页缓存设置
2020-01-05 14:32:11,916 [信息] [缓存][动态缓存] 缓存文件不存在
2020-01-05 14:32:11,917 [信息] [缓存] 服务器未开启静态缓存(此功能仅限商用版使用)
2020-01-05 14:32:11,917 [信息] [缓存] 加载服务器缓存动态设置
2020-01-05 14:32:11,917 [信息] [模块] 执行模块初始化函数
2020-01-05 14:32:11,917 [信息] [服务器] 正在初始化请求资源
2020-01-05 14:32:11,917 [信息] [服务器] 正在绑定地址端口
2020-01-05 14:32:11,918 [信息] [服务器] 开始监听端口内容
2020-01-05 14:32:11,918 [信息] [服务器] 开始接收用户连接
2020-01-05 14:32:11,919 [信息] [服务器] 服务器启动成功(企业版可通过【E2EE控制中心】配置线程数)
2020-01-05 14:32:11,919 [信息]     [连接数] 20
2020-01-05 14:32:11,919 [信息]     [线程数] 2
2020-01-05 14:32:11,920 [信息]     [模板数] 40
2020-01-05 20:20:32,880 [信息] [服务器] 服务器已经关闭
