2019-11-29 22:50:28,381 [信息] 
2019-11-29 22:50:28,390 [信息] 
2019-11-29 22:50:28,391 [信息] 
2019-11-29 22:50:28,391 [信息] 
2019-11-29 22:50:28,391 [信息] ===============================================================
2019-11-29 22:50:28,391 [信息] =  [E2EE免费版] 2.3.2 
2019-11-29 22:50:28,392 [信息] =    绑定IP: *
2019-11-29 22:50:28,392 [信息] =    绑定端口: 8073
2019-11-29 22:50:28,392 [信息] ===============================================================
2019-11-29 22:50:28,392 [信息] [服务器] 初始化
2019-11-29 22:50:28,392 [信息] [Session系统] 正在初始化Session系统
2019-11-29 22:50:28,392 [信息] [Session系统] 初始化内存文件存储系统：[内存最大尺寸] 无限制
2019-11-29 22:50:28,392 [信息] [Session系统] 开始从磁盘加载本地Session：[目录] C:/Users/wenzhuozhuo/Desktop/可爱猫4.3.6/app/https.cat/http/临时/sessions/
2019-11-29 22:50:28,393 [信息] [Session系统] 创建Session目录
2019-11-29 22:50:28,393 [信息] [Session系统] 无法创建Session目录!Session系统将不能做持久化存储
2019-11-29 22:50:28,393 [信息] [Session系统] Session系统初始化完成
2019-11-29 22:50:28,393 [信息] [网站防火墙] 未开启防火墙
2019-11-29 22:50:28,394 [信息] [验证器] 无默认验证器配置文件
2019-11-29 22:50:28,394 [信息] [模板] 初始化模板引擎
2019-11-29 22:50:28,394 [信息] [模板] 扫描加载模板目录
2019-11-29 22:50:28,394 [信息] [模板] 加载状态模板
2019-11-29 22:50:28,395 [信息] [模板] [状态模板] 加载状态模板[201][无模板]: [模板目录]/201.esp
2019-11-29 22:50:28,395 [信息] [模板] [状态模板] 加载状态模板[202][无模板]: [模板目录]/202.esp
2019-11-29 22:50:28,395 [信息] [模板] [状态模板] 加载状态模板[204][无模板]: [模板目录]/204.esp
2019-11-29 22:50:28,396 [信息] [模板] [状态模板] 加载状态模板[206][无模板]: [模板目录]/206.esp
2019-11-29 22:50:28,396 [信息] [模板] [状态模板] 加载状态模板[300][无模板]: [模板目录]/300.esp
2019-11-29 22:50:28,397 [信息] [模板] [状态模板] 加载状态模板[301][无模板]: [模板目录]/301.esp
2019-11-29 22:50:28,397 [信息] [模板] [状态模板] 加载状态模板[302][无模板]: [模板目录]/302.esp
2019-11-29 22:50:28,397 [信息] [模板] [状态模板] 加载状态模板[304][无模板]: [模板目录]/304.esp
2019-11-29 22:50:28,397 [信息] [模板] [状态模板] 加载状态模板[400][内置]: [模板目录]/400.esp
2019-11-29 22:50:28,397 [信息] [模板] [状态模板] 加载状态模板[401][内置]: [模板目录]/401.esp
2019-11-29 22:50:28,397 [信息] [模板] [状态模板] 加载状态模板[403][内置]: [模板目录]/403.esp
2019-11-29 22:50:28,397 [信息] [模板] [状态模板] 加载状态模板[404][内置]: [模板目录]/404.html
2019-11-29 22:50:28,397 [信息] [模板] [状态模板] 加载状态模板[416][无模板]: [模板目录]/416.esp
2019-11-29 22:50:28,397 [信息] [模板] [状态模板] 加载状态模板[500][内置]: [模板目录]/500.esp
2019-11-29 22:50:28,397 [信息] [模板] [状态模板] 加载状态模板[501][无模板]: [模板目录]/501.esp
2019-11-29 22:50:28,397 [信息] [模板] [状态模板] 加载状态模板[502][内置]: [模板目录]/502.esp
2019-11-29 22:50:28,397 [信息] [模板] [状态模板] 加载状态模板[503][无模板]: [模板目录]/503.esp
2019-11-29 22:50:28,397 [信息] [模板] [状态模板] 加载状态模板[504][内置]: [模板目录]/504.esp
2019-11-29 22:50:28,397 [信息] [模板] 模板引擎初始化完毕
2019-11-29 22:50:28,397 [信息] [动态模块] 开始加载动态模块
2019-11-29 22:50:28,397 [信息] [动态模块] 完成加载(无配置文件 - [模块]/模块映射.json)
2019-11-29 22:50:28,397 [信息] [模块] 开始加载下级模块
2019-11-29 22:50:28,397 [信息] [模块] 完成下级模块加载
2019-11-29 22:50:28,397 [信息] [远程服务] 开始初始化
2019-11-29 22:50:28,397 [信息] [远程服务] 初始化完成
2019-11-29 22:50:28,397 [信息] [WebService] 未启用
2019-11-29 22:50:28,397 [信息] [模板函数] 同步模板函数
2019-11-29 22:50:28,397 [信息] [模板函数] 函数同步完成
2019-11-29 22:50:28,397 [信息] [模块] 开始加载视图
2019-11-29 22:50:28,397 [信息] [视图] /send
2019-11-29 22:50:28,397 [信息] [模块] 完成视图加载
2019-11-29 22:50:28,397 [信息] [缓存] 加载动态模板页缓存
2019-11-29 22:50:28,397 [信息] [缓存] 无动态模板页缓存设置
2019-11-29 22:50:28,397 [信息] [缓存][动态缓存] 缓存文件不存在
2019-11-29 22:50:28,397 [信息] [缓存] 服务器未开启静态缓存(此功能仅限商用版使用)
2019-11-29 22:50:28,397 [信息] [缓存] 加载服务器缓存动态设置
2019-11-29 22:50:28,397 [信息] [模块] 执行模块初始化函数
2019-11-29 22:50:28,397 [信息] [服务器] 正在初始化请求资源
2019-11-29 22:50:28,397 [信息] [服务器] 正在绑定地址端口
2019-11-29 22:50:28,397 [信息] [服务器] 开始监听端口内容
2019-11-29 22:50:28,397 [信息] [服务器] 开始接收用户连接
2019-11-29 22:50:28,397 [信息] [服务器] 服务器启动成功(企业版可通过【E2EE控制中心】配置线程数)
2019-11-29 22:50:28,397 [信息]     [连接数] 20
2019-11-29 22:50:28,397 [信息]     [线程数] 2
2019-11-29 22:50:28,397 [信息]     [模板数] 40
2019-11-29 22:50:59,748 [信息] [服务器] 服务器已经关闭
2019-11-29 22:51:07,975 [信息] 
2019-11-29 22:51:07,975 [信息] 
2019-11-29 22:51:07,975 [信息] 
2019-11-29 22:51:07,975 [信息] 
2019-11-29 22:51:07,975 [信息] ===============================================================
2019-11-29 22:51:07,975 [信息] =  [E2EE免费版] 2.3.2 
2019-11-29 22:51:07,975 [信息] =    绑定IP: *
2019-11-29 22:51:07,975 [信息] =    绑定端口: 8073
2019-11-29 22:51:07,975 [信息] ===============================================================
2019-11-29 22:51:07,975 [信息] [服务器] 初始化
2019-11-29 22:51:07,975 [信息] [Session系统] 正在初始化Session系统
2019-11-29 22:51:07,975 [信息] [Session系统] 初始化内存文件存储系统：[内存最大尺寸] 无限制
2019-11-29 22:51:07,975 [信息] [Session系统] 开始从磁盘加载本地Session：[目录] C:/Users/wenzhuozhuo/Desktop/可爱猫4.3.6/app/https.cat/http/临时/sessions/
2019-11-29 22:51:07,975 [信息] [Session系统] 创建Session目录
2019-11-29 22:51:07,975 [信息] [Session系统] 无法创建Session目录!Session系统将不能做持久化存储
2019-11-29 22:51:07,975 [信息] [Session系统] Session系统初始化完成
2019-11-29 22:51:07,975 [信息] [网站防火墙] 未开启防火墙
2019-11-29 22:51:07,975 [信息] [验证器] 无默认验证器配置文件
2019-11-29 22:51:07,975 [信息] [模板] 初始化模板引擎
2019-11-29 22:51:07,975 [信息] [模板] 扫描加载模板目录
2019-11-29 22:51:07,975 [信息] [模板] 加载状态模板
2019-11-29 22:51:07,975 [信息] [模板] [状态模板] 加载状态模板[201][无模板]: [模板目录]/201.esp
2019-11-29 22:51:07,975 [信息] [模板] [状态模板] 加载状态模板[202][无模板]: [模板目录]/202.esp
2019-11-29 22:51:07,975 [信息] [模板] [状态模板] 加载状态模板[204][无模板]: [模板目录]/204.esp
2019-11-29 22:51:07,975 [信息] [模板] [状态模板] 加载状态模板[206][无模板]: [模板目录]/206.esp
2019-11-29 22:51:07,975 [信息] [模板] [状态模板] 加载状态模板[300][无模板]: [模板目录]/300.esp
2019-11-29 22:51:07,975 [信息] [模板] [状态模板] 加载状态模板[301][无模板]: [模板目录]/301.esp
2019-11-29 22:51:07,975 [信息] [模板] [状态模板] 加载状态模板[302][无模板]: [模板目录]/302.esp
2019-11-29 22:51:07,975 [信息] [模板] [状态模板] 加载状态模板[304][无模板]: [模板目录]/304.esp
2019-11-29 22:51:07,975 [信息] [模板] [状态模板] 加载状态模板[400][内置]: [模板目录]/400.esp
2019-11-29 22:51:07,990 [信息] [模板] [状态模板] 加载状态模板[401][内置]: [模板目录]/401.esp
2019-11-29 22:51:07,990 [信息] [模板] [状态模板] 加载状态模板[403][内置]: [模板目录]/403.esp
2019-11-29 22:51:07,990 [信息] [模板] [状态模板] 加载状态模板[404][内置]: [模板目录]/404.html
2019-11-29 22:51:07,990 [信息] [模板] [状态模板] 加载状态模板[416][无模板]: [模板目录]/416.esp
2019-11-29 22:51:07,990 [信息] [模板] [状态模板] 加载状态模板[500][内置]: [模板目录]/500.esp
2019-11-29 22:51:07,990 [信息] [模板] [状态模板] 加载状态模板[501][无模板]: [模板目录]/501.esp
2019-11-29 22:51:07,990 [信息] [模板] [状态模板] 加载状态模板[502][内置]: [模板目录]/502.esp
2019-11-29 22:51:07,990 [信息] [模板] [状态模板] 加载状态模板[503][无模板]: [模板目录]/503.esp
2019-11-29 22:51:07,990 [信息] [模板] [状态模板] 加载状态模板[504][内置]: [模板目录]/504.esp
2019-11-29 22:51:07,990 [信息] [模板] 模板引擎初始化完毕
2019-11-29 22:51:07,990 [信息] [动态模块] 开始加载动态模块
2019-11-29 22:51:07,990 [信息] [动态模块] 完成加载(无配置文件 - [模块]/模块映射.json)
2019-11-29 22:51:07,990 [信息] [模块] 开始加载下级模块
2019-11-29 22:51:07,990 [信息] [模块] 完成下级模块加载
2019-11-29 22:51:07,990 [信息] [远程服务] 开始初始化
2019-11-29 22:51:07,990 [信息] [远程服务] 初始化完成
2019-11-29 22:51:07,990 [信息] [WebService] 未启用
2019-11-29 22:51:07,990 [信息] [模板函数] 同步模板函数
2019-11-29 22:51:07,990 [信息] [模板函数] 函数同步完成
2019-11-29 22:51:07,990 [信息] [模块] 开始加载视图
2019-11-29 22:51:07,990 [信息] [视图] /send
2019-11-29 22:51:07,990 [信息] [模块] 完成视图加载
2019-11-29 22:51:07,990 [信息] [缓存] 加载动态模板页缓存
2019-11-29 22:51:07,990 [信息] [缓存] 无动态模板页缓存设置
2019-11-29 22:51:07,990 [信息] [缓存][动态缓存] 缓存文件不存在
2019-11-29 22:51:07,990 [信息] [缓存] 服务器未开启静态缓存(此功能仅限商用版使用)
2019-11-29 22:51:07,990 [信息] [缓存] 加载服务器缓存动态设置
2019-11-29 22:51:07,990 [信息] [模块] 执行模块初始化函数
2019-11-29 22:51:07,990 [信息] [服务器] 正在初始化请求资源
2019-11-29 22:51:07,990 [信息] [服务器] 正在绑定地址端口
2019-11-29 22:51:07,990 [信息] [服务器] 开始监听端口内容
2019-11-29 22:51:07,990 [信息] [服务器] 开始接收用户连接
2019-11-29 22:51:07,990 [信息] [服务器] 服务器启动成功(企业版可通过【E2EE控制中心】配置线程数)
2019-11-29 22:51:07,990 [信息]     [连接数] 20
2019-11-29 22:51:07,990 [信息]     [线程数] 2
2019-11-29 22:51:07,990 [信息]     [模板数] 40
2019-11-29 22:51:13,993 [信息] [服务器] 服务器已经关闭
2019-11-29 22:51:54,763 [信息] 
2019-11-29 22:51:54,763 [信息] 
2019-11-29 22:51:54,763 [信息] 
2019-11-29 22:51:54,763 [信息] 
2019-11-29 22:51:54,763 [信息] ===============================================================
2019-11-29 22:51:54,763 [信息] =  [E2EE免费版] 2.3.2 
2019-11-29 22:51:54,763 [信息] =    绑定IP: *
2019-11-29 22:51:54,763 [信息] =    绑定端口: 8073
2019-11-29 22:51:54,763 [信息] ===============================================================
2019-11-29 22:51:54,763 [信息] [服务器] 初始化
2019-11-29 22:51:54,763 [信息] [Session系统] 正在初始化Session系统
2019-11-29 22:51:54,763 [信息] [Session系统] 初始化内存文件存储系统：[内存最大尺寸] 无限制
2019-11-29 22:51:54,763 [信息] [Session系统] 开始从磁盘加载本地Session：[目录] C:/Users/wenzhuozhuo/Desktop/可爱猫4.3.6/app/https.cat/http/临时/sessions/
2019-11-29 22:51:54,763 [信息] [Session系统] 创建Session目录
2019-11-29 22:51:54,763 [信息] [Session系统] 无法创建Session目录!Session系统将不能做持久化存储
2019-11-29 22:51:54,763 [信息] [Session系统] Session系统初始化完成
2019-11-29 22:51:54,763 [信息] [网站防火墙] 未开启防火墙
2019-11-29 22:51:54,763 [信息] [验证器] 无默认验证器配置文件
2019-11-29 22:51:54,763 [信息] [模板] 初始化模板引擎
2019-11-29 22:51:54,763 [信息] [模板] 扫描加载模板目录
2019-11-29 22:51:54,763 [信息] [模板] 加载状态模板
2019-11-29 22:51:54,763 [信息] [模板] [状态模板] 加载状态模板[201][无模板]: [模板目录]/201.esp
2019-11-29 22:51:54,763 [信息] [模板] [状态模板] 加载状态模板[202][无模板]: [模板目录]/202.esp
2019-11-29 22:51:54,763 [信息] [模板] [状态模板] 加载状态模板[204][无模板]: [模板目录]/204.esp
2019-11-29 22:51:54,763 [信息] [模板] [状态模板] 加载状态模板[206][无模板]: [模板目录]/206.esp
2019-11-29 22:51:54,763 [信息] [模板] [状态模板] 加载状态模板[300][无模板]: [模板目录]/300.esp
2019-11-29 22:51:54,763 [信息] [模板] [状态模板] 加载状态模板[301][无模板]: [模板目录]/301.esp
2019-11-29 22:51:54,763 [信息] [模板] [状态模板] 加载状态模板[302][无模板]: [模板目录]/302.esp
2019-11-29 22:51:54,763 [信息] [模板] [状态模板] 加载状态模板[304][无模板]: [模板目录]/304.esp
2019-11-29 22:51:54,763 [信息] [模板] [状态模板] 加载状态模板[400][内置]: [模板目录]/400.esp
2019-11-29 22:51:54,763 [信息] [模板] [状态模板] 加载状态模板[401][内置]: [模板目录]/401.esp
2019-11-29 22:51:54,763 [信息] [模板] [状态模板] 加载状态模板[403][内置]: [模板目录]/403.esp
2019-11-29 22:51:54,763 [信息] [模板] [状态模板] 加载状态模板[404][内置]: [模板目录]/404.html
2019-11-29 22:51:54,763 [信息] [模板] [状态模板] 加载状态模板[416][无模板]: [模板目录]/416.esp
2019-11-29 22:51:54,763 [信息] [模板] [状态模板] 加载状态模板[500][内置]: [模板目录]/500.esp
2019-11-29 22:51:54,763 [信息] [模板] [状态模板] 加载状态模板[501][无模板]: [模板目录]/501.esp
2019-11-29 22:51:54,763 [信息] [模板] [状态模板] 加载状态模板[502][内置]: [模板目录]/502.esp
2019-11-29 22:51:54,763 [信息] [模板] [状态模板] 加载状态模板[503][无模板]: [模板目录]/503.esp
2019-11-29 22:51:54,763 [信息] [模板] [状态模板] 加载状态模板[504][内置]: [模板目录]/504.esp
2019-11-29 22:51:54,779 [信息] [模板] 模板引擎初始化完毕
2019-11-29 22:51:54,779 [信息] [动态模块] 开始加载动态模块
2019-11-29 22:51:54,779 [信息] [动态模块] 完成加载(无配置文件 - [模块]/模块映射.json)
2019-11-29 22:51:54,779 [信息] [模块] 开始加载下级模块
2019-11-29 22:51:54,779 [信息] [模块] 完成下级模块加载
2019-11-29 22:51:54,779 [信息] [远程服务] 开始初始化
2019-11-29 22:51:54,779 [信息] [远程服务] 初始化完成
2019-11-29 22:51:54,779 [信息] [WebService] 未启用
2019-11-29 22:51:54,779 [信息] [模板函数] 同步模板函数
2019-11-29 22:51:54,779 [信息] [模板函数] 函数同步完成
2019-11-29 22:51:54,779 [信息] [模块] 开始加载视图
2019-11-29 22:51:54,779 [信息] [视图] /send
2019-11-29 22:51:54,779 [信息] [模块] 完成视图加载
2019-11-29 22:51:54,779 [信息] [缓存] 加载动态模板页缓存
2019-11-29 22:51:54,779 [信息] [缓存] 无动态模板页缓存设置
2019-11-29 22:51:54,779 [信息] [缓存][动态缓存] 缓存文件不存在
2019-11-29 22:51:54,779 [信息] [缓存] 服务器未开启静态缓存(此功能仅限商用版使用)
2019-11-29 22:51:54,779 [信息] [缓存] 加载服务器缓存动态设置
2019-11-29 22:51:54,779 [信息] [模块] 执行模块初始化函数
2019-11-29 22:51:54,779 [信息] [服务器] 正在初始化请求资源
2019-11-29 22:51:54,779 [信息] [服务器] 正在绑定地址端口
2019-11-29 22:51:54,779 [信息] [服务器] 开始监听端口内容
2019-11-29 22:51:54,779 [信息] [服务器] 开始接收用户连接
2019-11-29 22:51:54,779 [信息] [服务器] 服务器启动成功(企业版可通过【E2EE控制中心】配置线程数)
2019-11-29 22:51:54,779 [信息]     [连接数] 20
2019-11-29 22:51:54,779 [信息]     [线程数] 2
2019-11-29 22:51:54,779 [信息]     [模板数] 40
2019-11-29 22:54:51,622 [信息] 
2019-11-29 22:54:51,622 [信息] 
2019-11-29 22:54:51,622 [信息] 
2019-11-29 22:54:51,622 [信息] 
2019-11-29 22:54:51,622 [信息] ===============================================================
2019-11-29 22:54:51,622 [信息] =  [E2EE免费版] 2.3.2 
2019-11-29 22:54:51,622 [信息] =    绑定IP: *
2019-11-29 22:54:51,622 [信息] =    绑定端口: 8073
2019-11-29 22:54:51,622 [信息] ===============================================================
2019-11-29 22:54:51,622 [信息] [服务器] 初始化
2019-11-29 22:54:51,622 [信息] [Session系统] 正在初始化Session系统
2019-11-29 22:54:51,622 [信息] [Session系统] 初始化内存文件存储系统：[内存最大尺寸] 无限制
2019-11-29 22:54:51,622 [信息] [Session系统] 开始从磁盘加载本地Session：[目录] C:/Users/wenzhuozhuo/Desktop/可爱猫4.3.6/app/https.cat/http/临时/sessions/
2019-11-29 22:54:51,622 [信息] [Session系统] 创建Session目录
2019-11-29 22:54:51,622 [信息] [Session系统] 无法创建Session目录!Session系统将不能做持久化存储
2019-11-29 22:54:51,622 [信息] [Session系统] Session系统初始化完成
2019-11-29 22:54:51,622 [信息] [网站防火墙] 未开启防火墙
2019-11-29 22:54:51,622 [信息] [验证器] 无默认验证器配置文件
2019-11-29 22:54:51,622 [信息] [模板] 初始化模板引擎
2019-11-29 22:54:51,622 [信息] [模板] 扫描加载模板目录
2019-11-29 22:54:51,622 [信息] [模板] 加载状态模板
2019-11-29 22:54:51,622 [信息] [模板] [状态模板] 加载状态模板[201][无模板]: [模板目录]/201.esp
2019-11-29 22:54:51,622 [信息] [模板] [状态模板] 加载状态模板[202][无模板]: [模板目录]/202.esp
2019-11-29 22:54:51,622 [信息] [模板] [状态模板] 加载状态模板[204][无模板]: [模板目录]/204.esp
2019-11-29 22:54:51,638 [信息] [模板] [状态模板] 加载状态模板[206][无模板]: [模板目录]/206.esp
2019-11-29 22:54:51,638 [信息] [模板] [状态模板] 加载状态模板[300][无模板]: [模板目录]/300.esp
2019-11-29 22:54:51,638 [信息] [模板] [状态模板] 加载状态模板[301][无模板]: [模板目录]/301.esp
2019-11-29 22:54:51,638 [信息] [模板] [状态模板] 加载状态模板[302][无模板]: [模板目录]/302.esp
2019-11-29 22:54:51,638 [信息] [模板] [状态模板] 加载状态模板[304][无模板]: [模板目录]/304.esp
2019-11-29 22:54:51,638 [信息] [模板] [状态模板] 加载状态模板[400][内置]: [模板目录]/400.esp
2019-11-29 22:54:51,638 [信息] [模板] [状态模板] 加载状态模板[401][内置]: [模板目录]/401.esp
2019-11-29 22:54:51,638 [信息] [模板] [状态模板] 加载状态模板[403][内置]: [模板目录]/403.esp
2019-11-29 22:54:51,638 [信息] [模板] [状态模板] 加载状态模板[404][内置]: [模板目录]/404.html
2019-11-29 22:54:51,638 [信息] [模板] [状态模板] 加载状态模板[416][无模板]: [模板目录]/416.esp
2019-11-29 22:54:51,638 [信息] [模板] [状态模板] 加载状态模板[500][内置]: [模板目录]/500.esp
2019-11-29 22:54:51,638 [信息] [模板] [状态模板] 加载状态模板[501][无模板]: [模板目录]/501.esp
2019-11-29 22:54:51,638 [信息] [模板] [状态模板] 加载状态模板[502][内置]: [模板目录]/502.esp
2019-11-29 22:54:51,638 [信息] [模板] [状态模板] 加载状态模板[503][无模板]: [模板目录]/503.esp
2019-11-29 22:54:51,638 [信息] [模板] [状态模板] 加载状态模板[504][内置]: [模板目录]/504.esp
2019-11-29 22:54:51,638 [信息] [模板] 模板引擎初始化完毕
2019-11-29 22:54:51,638 [信息] [动态模块] 开始加载动态模块
2019-11-29 22:54:51,638 [信息] [动态模块] 完成加载(无配置文件 - [模块]/模块映射.json)
2019-11-29 22:54:51,638 [信息] [模块] 开始加载下级模块
2019-11-29 22:54:51,638 [信息] [模块] 完成下级模块加载
2019-11-29 22:54:51,638 [信息] [远程服务] 开始初始化
2019-11-29 22:54:51,638 [信息] [远程服务] 初始化完成
2019-11-29 22:54:51,638 [信息] [WebService] 未启用
2019-11-29 22:54:51,638 [信息] [模板函数] 同步模板函数
2019-11-29 22:54:51,638 [信息] [模板函数] 函数同步完成
2019-11-29 22:54:51,638 [信息] [模块] 开始加载视图
2019-11-29 22:54:51,638 [信息] [视图] /send
2019-11-29 22:54:51,638 [信息] [模块] 完成视图加载
2019-11-29 22:54:51,638 [信息] [缓存] 加载动态模板页缓存
2019-11-29 22:54:51,638 [信息] [缓存] 无动态模板页缓存设置
2019-11-29 22:54:51,638 [信息] [缓存][动态缓存] 缓存文件不存在
2019-11-29 22:54:51,638 [信息] [缓存] 服务器未开启静态缓存(此功能仅限商用版使用)
2019-11-29 22:54:51,638 [信息] [缓存] 加载服务器缓存动态设置
2019-11-29 22:54:51,638 [信息] [模块] 执行模块初始化函数
2019-11-29 22:54:51,638 [信息] [服务器] 正在初始化请求资源
2019-11-29 22:54:51,638 [信息] [服务器] 正在绑定地址端口
2019-11-29 22:54:51,638 [信息] [服务器] 开始监听端口内容
2019-11-29 22:54:51,638 [信息] [服务器] 开始接收用户连接
2019-11-29 22:54:51,638 [信息] [服务器] 服务器启动成功(企业版可通过【E2EE控制中心】配置线程数)
2019-11-29 22:54:51,638 [信息]     [连接数] 20
2019-11-29 22:54:51,638 [信息]     [线程数] 2
2019-11-29 22:54:51,638 [信息]     [模板数] 40
2019-11-29 22:55:02,224 [信息] [服务器] 服务器已经关闭
2019-12-04 12:14:21,863 [信息] 
2019-12-04 12:14:21,870 [信息] 
2019-12-04 12:14:21,871 [信息] 
2019-12-04 12:14:21,871 [信息] 
2019-12-04 12:14:21,871 [信息] ===============================================================
2019-12-04 12:14:21,871 [信息] =  [E2EE免费版] 2.3.2 
2019-12-04 12:14:21,872 [信息] =    绑定IP: *
2019-12-04 12:14:21,872 [信息] =    绑定端口: 8073
2019-12-04 12:14:21,873 [信息] ===============================================================
2019-12-04 12:14:21,873 [信息] [服务器] 初始化
2019-12-04 12:14:21,873 [信息] [Session系统] 正在初始化Session系统
2019-12-04 12:14:21,873 [信息] [Session系统] 初始化内存文件存储系统：[内存最大尺寸] 无限制
2019-12-04 12:14:21,873 [信息] [Session系统] 开始从磁盘加载本地Session：[目录] C:/Users/wenzhuozhuo/Desktop/可爱猫4.3.9/app/https.cat/http/临时/sessions/
2019-12-04 12:14:21,874 [信息] [Session系统] 创建Session目录
2019-12-04 12:14:21,874 [信息] [Session系统] 无法创建Session目录!Session系统将不能做持久化存储
2019-12-04 12:14:21,874 [信息] [Session系统] Session系统初始化完成
2019-12-04 12:14:21,875 [信息] [网站防火墙] 未开启防火墙
2019-12-04 12:14:21,875 [信息] [验证器] 无默认验证器配置文件
2019-12-04 12:14:21,875 [信息] [模板] 初始化模板引擎
2019-12-04 12:14:21,876 [信息] [模板] 扫描加载模板目录
2019-12-04 12:14:21,876 [信息] [模板] 加载状态模板
2019-12-04 12:14:21,876 [信息] [模板] [状态模板] 加载状态模板[201][无模板]: [模板目录]/201.esp
2019-12-04 12:14:21,876 [信息] [模板] [状态模板] 加载状态模板[202][无模板]: [模板目录]/202.esp
2019-12-04 12:14:21,877 [信息] [模板] [状态模板] 加载状态模板[204][无模板]: [模板目录]/204.esp
2019-12-04 12:14:21,877 [信息] [模板] [状态模板] 加载状态模板[206][无模板]: [模板目录]/206.esp
2019-12-04 12:14:21,877 [信息] [模板] [状态模板] 加载状态模板[300][无模板]: [模板目录]/300.esp
2019-12-04 12:14:21,877 [信息] [模板] [状态模板] 加载状态模板[301][无模板]: [模板目录]/301.esp
2019-12-04 12:14:21,878 [信息] [模板] [状态模板] 加载状态模板[302][无模板]: [模板目录]/302.esp
2019-12-04 12:14:21,878 [信息] [模板] [状态模板] 加载状态模板[304][无模板]: [模板目录]/304.esp
2019-12-04 12:14:21,878 [信息] [模板] [状态模板] 加载状态模板[400][内置]: [模板目录]/400.esp
2019-12-04 12:14:21,878 [信息] [模板] [状态模板] 加载状态模板[401][内置]: [模板目录]/401.esp
2019-12-04 12:14:21,878 [信息] [模板] [状态模板] 加载状态模板[403][内置]: [模板目录]/403.esp
2019-12-04 12:14:21,879 [信息] [模板] [状态模板] 加载状态模板[404][内置]: [模板目录]/404.html
2019-12-04 12:14:21,879 [信息] [模板] [状态模板] 加载状态模板[416][无模板]: [模板目录]/416.esp
2019-12-04 12:14:21,879 [信息] [模板] [状态模板] 加载状态模板[500][内置]: [模板目录]/500.esp
2019-12-04 12:14:21,880 [信息] [模板] [状态模板] 加载状态模板[501][无模板]: [模板目录]/501.esp
2019-12-04 12:14:21,881 [信息] [模板] [状态模板] 加载状态模板[502][内置]: [模板目录]/502.esp
2019-12-04 12:14:21,881 [信息] [模板] [状态模板] 加载状态模板[503][无模板]: [模板目录]/503.esp
2019-12-04 12:14:21,881 [信息] [模板] [状态模板] 加载状态模板[504][内置]: [模板目录]/504.esp
2019-12-04 12:14:21,881 [信息] [模板] 模板引擎初始化完毕
2019-12-04 12:14:21,882 [信息] [动态模块] 开始加载动态模块
2019-12-04 12:14:21,882 [信息] [动态模块] 完成加载(无配置文件 - [模块]/模块映射.json)
2019-12-04 12:14:21,882 [信息] [模块] 开始加载下级模块
2019-12-04 12:14:21,882 [信息] [模块] 完成下级模块加载
2019-12-04 12:14:21,882 [信息] [远程服务] 开始初始化
2019-12-04 12:14:21,882 [信息] [远程服务] 初始化完成
2019-12-04 12:14:21,882 [信息] [WebService] 未启用
2019-12-04 12:14:21,882 [信息] [模板函数] 同步模板函数
2019-12-04 12:14:21,882 [信息] [模板函数] 函数同步完成
2019-12-04 12:14:21,882 [信息] [模块] 开始加载视图
2019-12-04 12:14:21,884 [信息] [视图] /send
2019-12-04 12:14:21,885 [信息] [模块] 完成视图加载
2019-12-04 12:14:21,885 [信息] [缓存] 加载动态模板页缓存
2019-12-04 12:14:21,885 [信息] [缓存] 无动态模板页缓存设置
2019-12-04 12:14:21,886 [信息] [缓存][动态缓存] 缓存文件不存在
2019-12-04 12:14:21,887 [信息] [缓存] 服务器未开启静态缓存(此功能仅限商用版使用)
2019-12-04 12:14:21,887 [信息] [缓存] 加载服务器缓存动态设置
2019-12-04 12:14:21,887 [信息] [模块] 执行模块初始化函数
2019-12-04 12:14:21,887 [信息] [服务器] 正在初始化请求资源
2019-12-04 12:14:21,887 [信息] [服务器] 正在绑定地址端口
2019-12-04 12:14:21,888 [信息] [服务器] 开始监听端口内容
2019-12-04 12:14:21,889 [信息] [服务器] 开始接收用户连接
2019-12-04 12:14:21,890 [信息] [服务器] 服务器启动成功(企业版可通过【E2EE控制中心】配置线程数)
2019-12-04 12:14:21,890 [信息]     [连接数] 20
2019-12-04 12:14:21,890 [信息]     [线程数] 2
2019-12-04 12:14:21,891 [信息]     [模板数] 40
2019-12-04 12:15:39,865 [信息] 
2019-12-04 12:15:39,865 [信息] 
2019-12-04 12:15:39,866 [信息] 
2019-12-04 12:15:39,866 [信息] 
2019-12-04 12:15:39,866 [信息] ===============================================================
2019-12-04 12:15:39,866 [信息] =  [E2EE免费版] 2.3.2 
2019-12-04 12:15:39,866 [信息] =    绑定IP: *
2019-12-04 12:15:39,867 [信息] =    绑定端口: 8073
2019-12-04 12:15:39,867 [信息] ===============================================================
2019-12-04 12:15:39,867 [信息] [服务器] 初始化
2019-12-04 12:15:39,867 [信息] [Session系统] 正在初始化Session系统
2019-12-04 12:15:39,868 [信息] [Session系统] 初始化内存文件存储系统：[内存最大尺寸] 无限制
2019-12-04 12:15:39,868 [信息] [Session系统] 开始从磁盘加载本地Session：[目录] C:/Users/wenzhuozhuo/Desktop/可爱猫4.3.9/app/https.cat/http/临时/sessions/
2019-12-04 12:15:39,869 [信息] [Session系统] 创建Session目录
2019-12-04 12:15:39,869 [信息] [Session系统] 无法创建Session目录!Session系统将不能做持久化存储
2019-12-04 12:15:39,869 [信息] [Session系统] Session系统初始化完成
2019-12-04 12:15:39,869 [信息] [网站防火墙] 未开启防火墙
2019-12-04 12:15:39,870 [信息] [验证器] 无默认验证器配置文件
2019-12-04 12:15:39,870 [信息] [模板] 初始化模板引擎
2019-12-04 12:15:39,871 [信息] [模板] 扫描加载模板目录
2019-12-04 12:15:39,871 [信息] [模板] 加载状态模板
2019-12-04 12:15:39,872 [信息] [模板] [状态模板] 加载状态模板[201][无模板]: [模板目录]/201.esp
2019-12-04 12:15:39,872 [信息] [模板] [状态模板] 加载状态模板[202][无模板]: [模板目录]/202.esp
2019-12-04 12:15:39,873 [信息] [模板] [状态模板] 加载状态模板[204][无模板]: [模板目录]/204.esp
2019-12-04 12:15:39,873 [信息] [模板] [状态模板] 加载状态模板[206][无模板]: [模板目录]/206.esp
2019-12-04 12:15:39,873 [信息] [模板] [状态模板] 加载状态模板[300][无模板]: [模板目录]/300.esp
2019-12-04 12:15:39,874 [信息] [模板] [状态模板] 加载状态模板[301][无模板]: [模板目录]/301.esp
2019-12-04 12:15:39,874 [信息] [模板] [状态模板] 加载状态模板[302][无模板]: [模板目录]/302.esp
2019-12-04 12:15:39,874 [信息] [模板] [状态模板] 加载状态模板[304][无模板]: [模板目录]/304.esp
2019-12-04 12:15:39,875 [信息] [模板] [状态模板] 加载状态模板[400][内置]: [模板目录]/400.esp
2019-12-04 12:15:39,875 [信息] [模板] [状态模板] 加载状态模板[401][内置]: [模板目录]/401.esp
2019-12-04 12:15:39,876 [信息] [模板] [状态模板] 加载状态模板[403][内置]: [模板目录]/403.esp
2019-12-04 12:15:39,876 [信息] [模板] [状态模板] 加载状态模板[404][内置]: [模板目录]/404.html
2019-12-04 12:15:39,877 [信息] [模板] [状态模板] 加载状态模板[416][无模板]: [模板目录]/416.esp
2019-12-04 12:15:39,877 [信息] [模板] [状态模板] 加载状态模板[500][内置]: [模板目录]/500.esp
2019-12-04 12:15:39,877 [信息] [模板] [状态模板] 加载状态模板[501][无模板]: [模板目录]/501.esp
2019-12-04 12:15:39,878 [信息] [模板] [状态模板] 加载状态模板[502][内置]: [模板目录]/502.esp
2019-12-04 12:15:39,878 [信息] [模板] [状态模板] 加载状态模板[503][无模板]: [模板目录]/503.esp
2019-12-04 12:15:39,878 [信息] [模板] [状态模板] 加载状态模板[504][内置]: [模板目录]/504.esp
2019-12-04 12:15:39,879 [信息] [模板] 模板引擎初始化完毕
2019-12-04 12:15:39,879 [信息] [动态模块] 开始加载动态模块
2019-12-04 12:15:39,879 [信息] [动态模块] 完成加载(无配置文件 - [模块]/模块映射.json)
2019-12-04 12:15:39,879 [信息] [模块] 开始加载下级模块
2019-12-04 12:15:39,880 [信息] [模块] 完成下级模块加载
2019-12-04 12:15:39,880 [信息] [远程服务] 开始初始化
2019-12-04 12:15:39,880 [信息] [远程服务] 初始化完成
2019-12-04 12:15:39,880 [信息] [WebService] 未启用
2019-12-04 12:15:39,880 [信息] [模板函数] 同步模板函数
2019-12-04 12:15:39,881 [信息] [模板函数] 函数同步完成
2019-12-04 12:15:39,881 [信息] [模块] 开始加载视图
2019-12-04 12:15:39,881 [信息] [视图] /send
2019-12-04 12:15:39,881 [信息] [模块] 完成视图加载
2019-12-04 12:15:39,881 [信息] [缓存] 加载动态模板页缓存
2019-12-04 12:15:39,881 [信息] [缓存] 无动态模板页缓存设置
2019-12-04 12:15:39,884 [信息] [缓存][动态缓存] 缓存文件不存在
2019-12-04 12:15:39,884 [信息] [缓存] 服务器未开启静态缓存(此功能仅限商用版使用)
2019-12-04 12:15:39,885 [信息] [缓存] 加载服务器缓存动态设置
2019-12-04 12:15:39,885 [信息] [模块] 执行模块初始化函数
2019-12-04 12:15:39,885 [信息] [服务器] 正在初始化请求资源
2019-12-04 12:15:39,885 [信息] [服务器] 正在绑定地址端口
2019-12-04 12:15:39,885 [信息] [服务器] 开始监听端口内容
2019-12-04 12:15:39,886 [信息] [服务器] 开始接收用户连接
2019-12-04 12:15:39,888 [信息] [服务器] 服务器启动成功(企业版可通过【E2EE控制中心】配置线程数)
2019-12-04 12:15:39,888 [信息]     [连接数] 20
2019-12-04 12:15:39,888 [信息]     [线程数] 2
2019-12-04 12:15:39,888 [信息]     [模板数] 40
2019-12-04 12:16:29,440 [信息] 
2019-12-04 12:16:29,441 [信息] 
2019-12-04 12:16:29,441 [信息] 
2019-12-04 12:16:29,441 [信息] 
2019-12-04 12:16:29,441 [信息] ===============================================================
2019-12-04 12:16:29,442 [信息] =  [E2EE免费版] 2.3.2 
2019-12-04 12:16:29,442 [信息] =    绑定IP: *
2019-12-04 12:16:29,442 [信息] =    绑定端口: 8073
2019-12-04 12:16:29,442 [信息] ===============================================================
2019-12-04 12:16:29,442 [信息] [服务器] 初始化
2019-12-04 12:16:29,442 [信息] [Session系统] 正在初始化Session系统
2019-12-04 12:16:29,442 [信息] [Session系统] 初始化内存文件存储系统：[内存最大尺寸] 无限制
2019-12-04 12:16:29,443 [信息] [Session系统] 开始从磁盘加载本地Session：[目录] C:/Users/wenzhuozhuo/Desktop/可爱猫4.3.9/app/https.cat/http/临时/sessions/
2019-12-04 12:16:29,444 [信息] [Session系统] 创建Session目录
2019-12-04 12:16:29,444 [信息] [Session系统] 无法创建Session目录!Session系统将不能做持久化存储
2019-12-04 12:16:29,444 [信息] [Session系统] Session系统初始化完成
2019-12-04 12:16:29,444 [信息] [网站防火墙] 未开启防火墙
2019-12-04 12:16:29,444 [信息] [验证器] 无默认验证器配置文件
2019-12-04 12:16:29,444 [信息] [模板] 初始化模板引擎
2019-12-04 12:16:29,445 [信息] [模板] 扫描加载模板目录
2019-12-04 12:16:29,445 [信息] [模板] 加载状态模板
2019-12-04 12:16:29,445 [信息] [模板] [状态模板] 加载状态模板[201][无模板]: [模板目录]/201.esp
2019-12-04 12:16:29,447 [信息] [模板] [状态模板] 加载状态模板[202][无模板]: [模板目录]/202.esp
2019-12-04 12:16:29,449 [信息] [模板] [状态模板] 加载状态模板[204][无模板]: [模板目录]/204.esp
2019-12-04 12:16:29,449 [信息] [模板] [状态模板] 加载状态模板[206][无模板]: [模板目录]/206.esp
2019-12-04 12:16:29,449 [信息] [模板] [状态模板] 加载状态模板[300][无模板]: [模板目录]/300.esp
2019-12-04 12:16:29,450 [信息] [模板] [状态模板] 加载状态模板[301][无模板]: [模板目录]/301.esp
2019-12-04 12:16:29,450 [信息] [模板] [状态模板] 加载状态模板[302][无模板]: [模板目录]/302.esp
2019-12-04 12:16:29,450 [信息] [模板] [状态模板] 加载状态模板[304][无模板]: [模板目录]/304.esp
2019-12-04 12:16:29,451 [信息] [模板] [状态模板] 加载状态模板[400][内置]: [模板目录]/400.esp
2019-12-04 12:16:29,451 [信息] [模板] [状态模板] 加载状态模板[401][内置]: [模板目录]/401.esp
2019-12-04 12:16:29,451 [信息] [模板] [状态模板] 加载状态模板[403][内置]: [模板目录]/403.esp
2019-12-04 12:16:29,452 [信息] [模板] [状态模板] 加载状态模板[404][内置]: [模板目录]/404.html
2019-12-04 12:16:29,452 [信息] [模板] [状态模板] 加载状态模板[416][无模板]: [模板目录]/416.esp
2019-12-04 12:16:29,453 [信息] [模板] [状态模板] 加载状态模板[500][内置]: [模板目录]/500.esp
2019-12-04 12:16:29,453 [信息] [模板] [状态模板] 加载状态模板[501][无模板]: [模板目录]/501.esp
2019-12-04 12:16:29,454 [信息] [模板] [状态模板] 加载状态模板[502][内置]: [模板目录]/502.esp
2019-12-04 12:16:29,454 [信息] [模板] [状态模板] 加载状态模板[503][无模板]: [模板目录]/503.esp
2019-12-04 12:16:29,454 [信息] [模板] [状态模板] 加载状态模板[504][内置]: [模板目录]/504.esp
2019-12-04 12:16:29,454 [信息] [模板] 模板引擎初始化完毕
2019-12-04 12:16:29,454 [信息] [动态模块] 开始加载动态模块
2019-12-04 12:16:29,455 [信息] [动态模块] 完成加载(无配置文件 - [模块]/模块映射.json)
2019-12-04 12:16:29,455 [信息] [模块] 开始加载下级模块
2019-12-04 12:16:29,455 [信息] [模块] 完成下级模块加载
2019-12-04 12:16:29,455 [信息] [远程服务] 开始初始化
2019-12-04 12:16:29,455 [信息] [远程服务] 初始化完成
2019-12-04 12:16:29,455 [信息] [WebService] 未启用
2019-12-04 12:16:29,455 [信息] [模板函数] 同步模板函数
2019-12-04 12:16:29,455 [信息] [模板函数] 函数同步完成
2019-12-04 12:16:29,456 [信息] [模块] 开始加载视图
2019-12-04 12:16:29,456 [信息] [视图] /send
2019-12-04 12:16:29,456 [信息] [模块] 完成视图加载
2019-12-04 12:16:29,456 [信息] [缓存] 加载动态模板页缓存
2019-12-04 12:16:29,456 [信息] [缓存] 无动态模板页缓存设置
2019-12-04 12:16:29,458 [信息] [缓存][动态缓存] 缓存文件不存在
2019-12-04 12:16:29,459 [信息] [缓存] 服务器未开启静态缓存(此功能仅限商用版使用)
2019-12-04 12:16:29,459 [信息] [缓存] 加载服务器缓存动态设置
2019-12-04 12:16:29,459 [信息] [模块] 执行模块初始化函数
2019-12-04 12:16:29,459 [信息] [服务器] 正在初始化请求资源
2019-12-04 12:16:29,459 [信息] [服务器] 正在绑定地址端口
2019-12-04 12:16:29,461 [信息] [服务器] 开始监听端口内容
2019-12-04 12:16:29,461 [信息] [服务器] 开始接收用户连接
2019-12-04 12:16:29,463 [信息] [服务器] 服务器启动成功(企业版可通过【E2EE控制中心】配置线程数)
2019-12-04 12:16:29,463 [信息]     [连接数] 20
2019-12-04 12:16:29,463 [信息]     [线程数] 2
2019-12-04 12:16:29,463 [信息]     [模板数] 40
2019-12-04 12:21:43,739 [信息] 
2019-12-04 12:21:43,740 [信息] 
2019-12-04 12:21:43,740 [信息] 
2019-12-04 12:21:43,740 [信息] 
2019-12-04 12:21:43,741 [信息] ===============================================================
2019-12-04 12:21:43,741 [信息] =  [E2EE免费版] 2.3.2 
2019-12-04 12:21:43,741 [信息] =    绑定IP: *
2019-12-04 12:21:43,741 [信息] =    绑定端口: 8073
2019-12-04 12:21:43,741 [信息] ===============================================================
2019-12-04 12:21:43,741 [信息] [服务器] 初始化
2019-12-04 12:21:43,742 [信息] [Session系统] 正在初始化Session系统
2019-12-04 12:21:43,742 [信息] [Session系统] 初始化内存文件存储系统：[内存最大尺寸] 无限制
2019-12-04 12:21:43,742 [信息] [Session系统] 开始从磁盘加载本地Session：[目录] C:/Users/wenzhuozhuo/Desktop/可爱猫4.3.9/app/https.cat/http/临时/sessions/
2019-12-04 12:21:43,743 [信息] [Session系统] 创建Session目录
2019-12-04 12:21:43,743 [信息] [Session系统] 无法创建Session目录!Session系统将不能做持久化存储
2019-12-04 12:21:43,744 [信息] [Session系统] Session系统初始化完成
2019-12-04 12:21:43,744 [信息] [网站防火墙] 未开启防火墙
2019-12-04 12:21:43,744 [信息] [验证器] 无默认验证器配置文件
2019-12-04 12:21:43,744 [信息] [模板] 初始化模板引擎
2019-12-04 12:21:43,745 [信息] [模板] 扫描加载模板目录
2019-12-04 12:21:43,745 [信息] [模板] 加载状态模板
2019-12-04 12:21:43,745 [信息] [模板] [状态模板] 加载状态模板[201][无模板]: [模板目录]/201.esp
2019-12-04 12:21:43,746 [信息] [模板] [状态模板] 加载状态模板[202][无模板]: [模板目录]/202.esp
2019-12-04 12:21:43,746 [信息] [模板] [状态模板] 加载状态模板[204][无模板]: [模板目录]/204.esp
2019-12-04 12:21:43,747 [信息] [模板] [状态模板] 加载状态模板[206][无模板]: [模板目录]/206.esp
2019-12-04 12:21:43,747 [信息] [模板] [状态模板] 加载状态模板[300][无模板]: [模板目录]/300.esp
2019-12-04 12:21:43,747 [信息] [模板] [状态模板] 加载状态模板[301][无模板]: [模板目录]/301.esp
2019-12-04 12:21:43,748 [信息] [模板] [状态模板] 加载状态模板[302][无模板]: [模板目录]/302.esp
2019-12-04 12:21:43,748 [信息] [模板] [状态模板] 加载状态模板[304][无模板]: [模板目录]/304.esp
2019-12-04 12:21:43,748 [信息] [模板] [状态模板] 加载状态模板[400][内置]: [模板目录]/400.esp
2019-12-04 12:21:43,749 [信息] [模板] [状态模板] 加载状态模板[401][内置]: [模板目录]/401.esp
2019-12-04 12:21:43,749 [信息] [模板] [状态模板] 加载状态模板[403][内置]: [模板目录]/403.esp
2019-12-04 12:21:43,750 [信息] [模板] [状态模板] 加载状态模板[404][内置]: [模板目录]/404.html
2019-12-04 12:21:43,750 [信息] [模板] [状态模板] 加载状态模板[416][无模板]: [模板目录]/416.esp
2019-12-04 12:21:43,751 [信息] [模板] [状态模板] 加载状态模板[500][内置]: [模板目录]/500.esp
2019-12-04 12:21:43,751 [信息] [模板] [状态模板] 加载状态模板[501][无模板]: [模板目录]/501.esp
2019-12-04 12:21:43,751 [信息] [模板] [状态模板] 加载状态模板[502][内置]: [模板目录]/502.esp
2019-12-04 12:21:43,752 [信息] [模板] [状态模板] 加载状态模板[503][无模板]: [模板目录]/503.esp
2019-12-04 12:21:43,752 [信息] [模板] [状态模板] 加载状态模板[504][内置]: [模板目录]/504.esp
2019-12-04 12:21:43,753 [信息] [模板] 模板引擎初始化完毕
2019-12-04 12:21:43,753 [信息] [动态模块] 开始加载动态模块
2019-12-04 12:21:43,753 [信息] [动态模块] 完成加载(无配置文件 - [模块]/模块映射.json)
2019-12-04 12:21:43,754 [信息] [模块] 开始加载下级模块
2019-12-04 12:21:43,754 [信息] [模块] 完成下级模块加载
2019-12-04 12:21:43,754 [信息] [远程服务] 开始初始化
2019-12-04 12:21:43,754 [信息] [远程服务] 初始化完成
2019-12-04 12:21:43,754 [信息] [WebService] 未启用
2019-12-04 12:21:43,755 [信息] [模板函数] 同步模板函数
2019-12-04 12:21:43,755 [信息] [模板函数] 函数同步完成
2019-12-04 12:21:43,755 [信息] [模块] 开始加载视图
2019-12-04 12:21:43,756 [信息] [视图] /send
2019-12-04 12:21:43,756 [信息] [模块] 完成视图加载
2019-12-04 12:21:43,756 [信息] [缓存] 加载动态模板页缓存
2019-12-04 12:21:43,756 [信息] [缓存] 无动态模板页缓存设置
2019-12-04 12:21:43,758 [信息] [缓存][动态缓存] 缓存文件不存在
2019-12-04 12:21:43,759 [信息] [缓存] 服务器未开启静态缓存(此功能仅限商用版使用)
2019-12-04 12:21:43,759 [信息] [缓存] 加载服务器缓存动态设置
2019-12-04 12:21:43,759 [信息] [模块] 执行模块初始化函数
2019-12-04 12:21:43,760 [信息] [服务器] 正在初始化请求资源
2019-12-04 12:21:43,760 [信息] [服务器] 正在绑定地址端口
2019-12-04 12:21:43,761 [信息] [服务器] 开始监听端口内容
2019-12-04 12:21:43,761 [信息] [服务器] 开始接收用户连接
2019-12-04 12:21:43,762 [信息] [服务器] 服务器启动成功(企业版可通过【E2EE控制中心】配置线程数)
2019-12-04 12:21:43,763 [信息]     [连接数] 20
2019-12-04 12:21:43,763 [信息]     [线程数] 2
2019-12-04 12:21:43,763 [信息]     [模板数] 40
2019-12-04 12:21:56,340 [信息] [服务器] 服务器已经关闭
2020-01-04 20:06:43,459 [信息] 
2020-01-04 20:06:43,460 [信息] 
2020-01-04 20:06:43,460 [信息] 
2020-01-04 20:06:43,461 [信息] 
2020-01-04 20:06:43,461 [信息] ===============================================================
2020-01-04 20:06:43,461 [信息] =  [E2EE免费版] 2.3.2 
2020-01-04 20:06:43,461 [信息] =    绑定IP: *
2020-01-04 20:06:43,461 [信息] =    绑定端口: 8073
2020-01-04 20:06:43,461 [信息] ===============================================================
2020-01-04 20:06:43,461 [信息] [服务器] 初始化
2020-01-04 20:06:43,462 [信息] [Session系统] 正在初始化Session系统
2020-01-04 20:06:43,462 [信息] [Session系统] 初始化内存文件存储系统：[内存最大尺寸] 无限制
2020-01-04 20:06:43,462 [信息] [Session系统] 开始从磁盘加载本地Session：[目录] C:/Users/ts198/Desktop/可爱猫4.4.0/app/https.cat/http/临时/sessions/
2020-01-04 20:06:43,462 [信息] [Session系统] 创建Session目录
2020-01-04 20:06:43,463 [信息] [Session系统] 无法创建Session目录!Session系统将不能做持久化存储
2020-01-04 20:06:43,463 [信息] [Session系统] Session系统初始化完成
2020-01-04 20:06:43,463 [信息] [网站防火墙] 未开启防火墙
2020-01-04 20:06:43,463 [信息] [验证器] 无默认验证器配置文件
2020-01-04 20:06:43,464 [信息] [模板] 初始化模板引擎
2020-01-04 20:06:43,464 [信息] [模板] 扫描加载模板目录
2020-01-04 20:06:43,464 [信息] [模板] 加载状态模板
2020-01-04 20:06:43,464 [信息] [模板] [状态模板] 加载状态模板[201][无模板]: [模板目录]/201.esp
2020-01-04 20:06:43,465 [信息] [模板] [状态模板] 加载状态模板[202][无模板]: [模板目录]/202.esp
2020-01-04 20:06:43,465 [信息] [模板] [状态模板] 加载状态模板[204][无模板]: [模板目录]/204.esp
2020-01-04 20:06:43,466 [信息] [模板] [状态模板] 加载状态模板[206][无模板]: [模板目录]/206.esp
2020-01-04 20:06:43,466 [信息] [模板] [状态模板] 加载状态模板[300][无模板]: [模板目录]/300.esp
2020-01-04 20:06:43,467 [信息] [模板] [状态模板] 加载状态模板[301][无模板]: [模板目录]/301.esp
2020-01-04 20:06:43,467 [信息] [模板] [状态模板] 加载状态模板[302][无模板]: [模板目录]/302.esp
2020-01-04 20:06:43,467 [信息] [模板] [状态模板] 加载状态模板[304][无模板]: [模板目录]/304.esp
2020-01-04 20:06:43,468 [信息] [模板] [状态模板] 加载状态模板[400][内置]: [模板目录]/400.esp
2020-01-04 20:06:43,468 [信息] [模板] [状态模板] 加载状态模板[401][内置]: [模板目录]/401.esp
2020-01-04 20:06:43,469 [信息] [模板] [状态模板] 加载状态模板[403][内置]: [模板目录]/403.esp
2020-01-04 20:06:43,469 [信息] [模板] [状态模板] 加载状态模板[404][内置]: [模板目录]/404.html
2020-01-04 20:06:43,470 [信息] [模板] [状态模板] 加载状态模板[416][无模板]: [模板目录]/416.esp
2020-01-04 20:06:43,470 [信息] [模板] [状态模板] 加载状态模板[500][内置]: [模板目录]/500.esp
2020-01-04 20:06:43,471 [信息] [模板] [状态模板] 加载状态模板[501][无模板]: [模板目录]/501.esp
2020-01-04 20:06:43,471 [信息] [模板] [状态模板] 加载状态模板[502][内置]: [模板目录]/502.esp
2020-01-04 20:06:43,472 [信息] [模板] [状态模板] 加载状态模板[503][无模板]: [模板目录]/503.esp
2020-01-04 20:06:43,472 [信息] [模板] [状态模板] 加载状态模板[504][内置]: [模板目录]/504.esp
2020-01-04 20:06:43,473 [信息] [模板] 模板引擎初始化完毕
2020-01-04 20:06:43,473 [信息] [动态模块] 开始加载动态模块
2020-01-04 20:06:43,473 [信息] [动态模块] 完成加载(无配置文件 - [模块]/模块映射.json)
2020-01-04 20:06:43,473 [信息] [模块] 开始加载下级模块
2020-01-04 20:06:43,473 [信息] [模块] 完成下级模块加载
2020-01-04 20:06:43,474 [信息] [远程服务] 开始初始化
2020-01-04 20:06:43,474 [信息] [远程服务] 初始化完成
2020-01-04 20:06:43,474 [信息] [WebService] 未启用
2020-01-04 20:06:43,474 [信息] [模板函数] 同步模板函数
2020-01-04 20:06:43,474 [信息] [模板函数] 函数同步完成
2020-01-04 20:06:43,475 [信息] [模块] 开始加载视图
2020-01-04 20:06:43,475 [信息] [视图] /send
2020-01-04 20:06:43,475 [信息] [模块] 完成视图加载
2020-01-04 20:06:43,475 [信息] [缓存] 加载动态模板页缓存
2020-01-04 20:06:43,475 [信息] [缓存] 无动态模板页缓存设置
2020-01-04 20:06:43,476 [信息] [缓存][动态缓存] 缓存文件不存在
2020-01-04 20:06:43,476 [信息] [缓存] 服务器未开启静态缓存(此功能仅限商用版使用)
2020-01-04 20:06:43,477 [信息] [缓存] 加载服务器缓存动态设置
2020-01-04 20:06:43,477 [信息] [模块] 执行模块初始化函数
2020-01-04 20:06:43,477 [信息] [服务器] 正在初始化请求资源
2020-01-04 20:06:43,477 [信息] [服务器] 正在绑定地址端口
2020-01-04 20:06:43,477 [信息] [服务器] 开始监听端口内容
2020-01-04 20:06:43,478 [信息] [服务器] 开始接收用户连接
2020-01-04 20:06:43,479 [信息] [服务器] 服务器启动成功(企业版可通过【E2EE控制中心】配置线程数)
2020-01-04 20:06:43,479 [信息]     [连接数] 20
2020-01-04 20:06:43,479 [信息]     [线程数] 2
2020-01-04 20:06:43,479 [信息]     [模板数] 40
2020-01-04 20:32:52,383 [信息] [服务器] 服务器已经关闭
2020-01-04 20:33:25,419 [信息] 
2020-01-04 20:33:25,419 [信息] 
2020-01-04 20:33:25,419 [信息] 
2020-01-04 20:33:25,420 [信息] 
2020-01-04 20:33:25,420 [信息] ===============================================================
2020-01-04 20:33:25,420 [信息] =  [E2EE免费版] 2.3.2 
2020-01-04 20:33:25,420 [信息] =    绑定IP: *
2020-01-04 20:33:25,421 [信息] =    绑定端口: 8073
2020-01-04 20:33:25,421 [信息] ===============================================================
2020-01-04 20:33:25,421 [信息] [服务器] 初始化
2020-01-04 20:33:25,421 [信息] [Session系统] 正在初始化Session系统
2020-01-04 20:33:25,422 [信息] [Session系统] 初始化内存文件存储系统：[内存最大尺寸] 无限制
2020-01-04 20:33:25,422 [信息] [Session系统] 开始从磁盘加载本地Session：[目录] C:/Users/ts198/Desktop/可爱猫4.4.0/app/https.cat/http/临时/sessions/
2020-01-04 20:33:25,422 [信息] [Session系统] 创建Session目录
2020-01-04 20:33:25,422 [信息] [Session系统] 无法创建Session目录!Session系统将不能做持久化存储
2020-01-04 20:33:25,423 [信息] [Session系统] Session系统初始化完成
2020-01-04 20:33:25,423 [信息] [网站防火墙] 未开启防火墙
2020-01-04 20:33:25,423 [信息] [验证器] 无默认验证器配置文件
2020-01-04 20:33:25,423 [信息] [模板] 初始化模板引擎
2020-01-04 20:33:25,423 [信息] [模板] 扫描加载模板目录
2020-01-04 20:33:25,424 [信息] [模板] 加载状态模板
2020-01-04 20:33:25,424 [信息] [模板] [状态模板] 加载状态模板[201][无模板]: [模板目录]/201.esp
2020-01-04 20:33:25,425 [信息] [模板] [状态模板] 加载状态模板[202][无模板]: [模板目录]/202.esp
2020-01-04 20:33:25,425 [信息] [模板] [状态模板] 加载状态模板[204][无模板]: [模板目录]/204.esp
2020-01-04 20:33:25,425 [信息] [模板] [状态模板] 加载状态模板[206][无模板]: [模板目录]/206.esp
2020-01-04 20:33:25,426 [信息] [模板] [状态模板] 加载状态模板[300][无模板]: [模板目录]/300.esp
2020-01-04 20:33:25,426 [信息] [模板] [状态模板] 加载状态模板[301][无模板]: [模板目录]/301.esp
2020-01-04 20:33:25,427 [信息] [模板] [状态模板] 加载状态模板[302][无模板]: [模板目录]/302.esp
2020-01-04 20:33:25,427 [信息] [模板] [状态模板] 加载状态模板[304][无模板]: [模板目录]/304.esp
2020-01-04 20:33:25,428 [信息] [模板] [状态模板] 加载状态模板[400][内置]: [模板目录]/400.esp
2020-01-04 20:33:25,428 [信息] [模板] [状态模板] 加载状态模板[401][内置]: [模板目录]/401.esp
2020-01-04 20:33:25,428 [信息] [模板] [状态模板] 加载状态模板[403][内置]: [模板目录]/403.esp
2020-01-04 20:33:25,429 [信息] [模板] [状态模板] 加载状态模板[404][内置]: [模板目录]/404.html
2020-01-04 20:33:25,429 [信息] [模板] [状态模板] 加载状态模板[416][无模板]: [模板目录]/416.esp
2020-01-04 20:33:25,430 [信息] [模板] [状态模板] 加载状态模板[500][内置]: [模板目录]/500.esp
2020-01-04 20:33:25,430 [信息] [模板] [状态模板] 加载状态模板[501][无模板]: [模板目录]/501.esp
2020-01-04 20:33:25,431 [信息] [模板] [状态模板] 加载状态模板[502][内置]: [模板目录]/502.esp
2020-01-04 20:33:25,431 [信息] [模板] [状态模板] 加载状态模板[503][无模板]: [模板目录]/503.esp
2020-01-04 20:33:25,432 [信息] [模板] [状态模板] 加载状态模板[504][内置]: [模板目录]/504.esp
2020-01-04 20:33:25,432 [信息] [模板] 模板引擎初始化完毕
2020-01-04 20:33:25,433 [信息] [动态模块] 开始加载动态模块
2020-01-04 20:33:25,433 [信息] [动态模块] 完成加载(无配置文件 - [模块]/模块映射.json)
2020-01-04 20:33:25,433 [信息] [模块] 开始加载下级模块
2020-01-04 20:33:25,433 [信息] [模块] 完成下级模块加载
2020-01-04 20:33:25,433 [信息] [远程服务] 开始初始化
2020-01-04 20:33:25,434 [信息] [远程服务] 初始化完成
2020-01-04 20:33:25,434 [信息] [WebService] 未启用
2020-01-04 20:33:25,434 [信息] [模板函数] 同步模板函数
2020-01-04 20:33:25,434 [信息] [模板函数] 函数同步完成
2020-01-04 20:33:25,434 [信息] [模块] 开始加载视图
2020-01-04 20:33:25,434 [信息] [视图] /send
2020-01-04 20:33:25,435 [信息] [模块] 完成视图加载
2020-01-04 20:33:25,435 [信息] [缓存] 加载动态模板页缓存
2020-01-04 20:33:25,435 [信息] [缓存] 无动态模板页缓存设置
2020-01-04 20:33:25,436 [信息] [缓存][动态缓存] 缓存文件不存在
2020-01-04 20:33:25,436 [信息] [缓存] 服务器未开启静态缓存(此功能仅限商用版使用)
2020-01-04 20:33:25,436 [信息] [缓存] 加载服务器缓存动态设置
2020-01-04 20:33:25,437 [信息] [模块] 执行模块初始化函数
2020-01-04 20:33:25,437 [信息] [服务器] 正在初始化请求资源
2020-01-04 20:33:25,437 [信息] [服务器] 正在绑定地址端口
2020-01-04 20:33:25,437 [信息] [服务器] 开始监听端口内容
2020-01-04 20:33:25,437 [信息] [服务器] 开始接收用户连接
2020-01-04 20:33:25,439 [信息] [服务器] 服务器启动成功(企业版可通过【E2EE控制中心】配置线程数)
2020-01-04 20:33:25,439 [信息]     [连接数] 20
2020-01-04 20:33:25,439 [信息]     [线程数] 2
2020-01-04 20:33:25,439 [信息]     [模板数] 40
2020-01-04 20:44:44,150 [信息] [服务器] 服务器已经关闭
2020-01-04 20:52:25,057 [信息] 
2020-01-04 20:52:25,057 [信息] 
2020-01-04 20:52:25,057 [信息] 
2020-01-04 20:52:25,057 [信息] 
2020-01-04 20:52:25,057 [信息] ===============================================================
2020-01-04 20:52:25,058 [信息] =  [E2EE免费版] 2.3.2 
2020-01-04 20:52:25,058 [信息] =    绑定IP: *
2020-01-04 20:52:25,058 [信息] =    绑定端口: 8073
2020-01-04 20:52:25,058 [信息] ===============================================================
2020-01-04 20:52:25,058 [信息] [服务器] 初始化
2020-01-04 20:52:25,058 [信息] [Session系统] 正在初始化Session系统
2020-01-04 20:52:25,059 [信息] [Session系统] 初始化内存文件存储系统：[内存最大尺寸] 无限制
2020-01-04 20:52:25,059 [信息] [Session系统] 开始从磁盘加载本地Session：[目录] C:/Users/ts198/Desktop/可爱猫4.4.0/app/https.cat/http/临时/sessions/
2020-01-04 20:52:25,059 [信息] [Session系统] 创建Session目录
2020-01-04 20:52:25,059 [信息] [Session系统] 无法创建Session目录!Session系统将不能做持久化存储
2020-01-04 20:52:25,059 [信息] [Session系统] Session系统初始化完成
2020-01-04 20:52:25,059 [信息] [网站防火墙] 未开启防火墙
2020-01-04 20:52:25,060 [信息] [验证器] 无默认验证器配置文件
2020-01-04 20:52:25,060 [信息] [模板] 初始化模板引擎
2020-01-04 20:52:25,060 [信息] [模板] 扫描加载模板目录
2020-01-04 20:52:25,060 [信息] [模板] 加载状态模板
2020-01-04 20:52:25,060 [信息] [模板] [状态模板] 加载状态模板[201][无模板]: [模板目录]/201.esp
2020-01-04 20:52:25,061 [信息] [模板] [状态模板] 加载状态模板[202][无模板]: [模板目录]/202.esp
2020-01-04 20:52:25,061 [信息] [模板] [状态模板] 加载状态模板[204][无模板]: [模板目录]/204.esp
2020-01-04 20:52:25,062 [信息] [模板] [状态模板] 加载状态模板[206][无模板]: [模板目录]/206.esp
2020-01-04 20:52:25,062 [信息] [模板] [状态模板] 加载状态模板[300][无模板]: [模板目录]/300.esp
2020-01-04 20:52:25,062 [信息] [模板] [状态模板] 加载状态模板[301][无模板]: [模板目录]/301.esp
2020-01-04 20:52:25,062 [信息] [模板] [状态模板] 加载状态模板[302][无模板]: [模板目录]/302.esp
2020-01-04 20:52:25,063 [信息] [模板] [状态模板] 加载状态模板[304][无模板]: [模板目录]/304.esp
2020-01-04 20:52:25,063 [信息] [模板] [状态模板] 加载状态模板[400][内置]: [模板目录]/400.esp
2020-01-04 20:52:25,063 [信息] [模板] [状态模板] 加载状态模板[401][内置]: [模板目录]/401.esp
2020-01-04 20:52:25,064 [信息] [模板] [状态模板] 加载状态模板[403][内置]: [模板目录]/403.esp
2020-01-04 20:52:25,064 [信息] [模板] [状态模板] 加载状态模板[404][内置]: [模板目录]/404.html
2020-01-04 20:52:25,065 [信息] [模板] [状态模板] 加载状态模板[416][无模板]: [模板目录]/416.esp
2020-01-04 20:52:25,065 [信息] [模板] [状态模板] 加载状态模板[500][内置]: [模板目录]/500.esp
2020-01-04 20:52:25,065 [信息] [模板] [状态模板] 加载状态模板[501][无模板]: [模板目录]/501.esp
2020-01-04 20:52:25,066 [信息] [模板] [状态模板] 加载状态模板[502][内置]: [模板目录]/502.esp
2020-01-04 20:52:25,066 [信息] [模板] [状态模板] 加载状态模板[503][无模板]: [模板目录]/503.esp
2020-01-04 20:52:25,066 [信息] [模板] [状态模板] 加载状态模板[504][内置]: [模板目录]/504.esp
2020-01-04 20:52:25,067 [信息] [模板] 模板引擎初始化完毕
2020-01-04 20:52:25,067 [信息] [动态模块] 开始加载动态模块
2020-01-04 20:52:25,067 [信息] [动态模块] 完成加载(无配置文件 - [模块]/模块映射.json)
2020-01-04 20:52:25,067 [信息] [模块] 开始加载下级模块
2020-01-04 20:52:25,067 [信息] [模块] 完成下级模块加载
2020-01-04 20:52:25,067 [信息] [远程服务] 开始初始化
2020-01-04 20:52:25,067 [信息] [远程服务] 初始化完成
2020-01-04 20:52:25,068 [信息] [WebService] 未启用
2020-01-04 20:52:25,068 [信息] [模板函数] 同步模板函数
2020-01-04 20:52:25,068 [信息] [模板函数] 函数同步完成
2020-01-04 20:52:25,068 [信息] [模块] 开始加载视图
2020-01-04 20:52:25,068 [信息] [视图] /send
2020-01-04 20:52:25,068 [信息] [模块] 完成视图加载
2020-01-04 20:52:25,068 [信息] [缓存] 加载动态模板页缓存
2020-01-04 20:52:25,069 [信息] [缓存] 无动态模板页缓存设置
2020-01-04 20:52:25,069 [信息] [缓存][动态缓存] 缓存文件不存在
2020-01-04 20:52:25,069 [信息] [缓存] 服务器未开启静态缓存(此功能仅限商用版使用)
2020-01-04 20:52:25,069 [信息] [缓存] 加载服务器缓存动态设置
2020-01-04 20:52:25,069 [信息] [模块] 执行模块初始化函数
2020-01-04 20:52:25,070 [信息] [服务器] 正在初始化请求资源
2020-01-04 20:52:25,070 [信息] [服务器] 正在绑定地址端口
2020-01-04 20:52:25,070 [信息] [服务器] 开始监听端口内容
2020-01-04 20:52:25,070 [信息] [服务器] 开始接收用户连接
2020-01-04 20:52:25,071 [信息] [服务器] 服务器启动成功(企业版可通过【E2EE控制中心】配置线程数)
2020-01-04 20:52:25,071 [信息]     [连接数] 20
2020-01-04 20:52:25,071 [信息]     [线程数] 2
2020-01-04 20:52:25,071 [信息]     [模板数] 40
